#
# There is insufficient memory for the Java Runtime Environment to continue.
# Native memory allocation (malloc) failed to allocate 3520496 bytes for Chunk::new
# Possible reasons:
#   The system is out of physical RAM or swap space
#   The process is running with CompressedOops enabled, and the Java Heap may be blocking the growth of the native heap
# Possible solutions:
#   Reduce memory load on the system
#   Increase physical memory or swap space
#   Check if swap backing store is full
#   Decrease Java heap size (-Xmx/-Xms)
#   Decrease number of Java threads
#   Decrease Java thread stack sizes (-Xss)
#   Set larger code cache with -XX:ReservedCodeCacheSize=
#   JVM is running with Unscaled Compressed Oops mode in which the Java heap is
#     placed in the first 4GB address space. The Java Heap base address is the
#     maximum limit for the native heap growth. Please use -XX:HeapBaseMinAddress
#     to set the Java Heap base and to place the Java Heap above 4GB virtual address.
# This output file may be truncated or incomplete.
#
#  Out of Memory Error (arena.cpp:189), pid=16580, tid=2208
#
# JRE version: OpenJDK Runtime Environment Temurin-17.0.7+7 (17.0.7+7) (build 17.0.7+7)
# Java VM: OpenJDK 64-Bit Server VM Temurin-17.0.7+7 (17.0.7+7, mixed mode, tiered, compressed oops, compressed class ptrs, parallel gc, windows-amd64)
# No core dump will be written. Minidumps are not enabled by default on client versions of Windows
#

---------------  S U M M A R Y ------------

Command Line: --add-modules=ALL-SYSTEM --add-opens=java.base/java.util=ALL-UNNAMED --add-opens=java.base/java.lang=ALL-UNNAMED --add-opens=java.base/sun.nio.fs=ALL-UNNAMED -Declipse.application=org.eclipse.jdt.ls.core.id1 -Dosgi.bundles.defaultStartLevel=4 -Declipse.product=org.eclipse.jdt.ls.core.product -Djava.import.generatesMetadataFilesAtProjectRoot=false -Dfile.encoding=utf8 -XX:+UseParallelGC -XX:GCTimeRatio=4 -XX:AdaptiveSizePolicyWeight=90 -Dsun.zip.disableMemoryMapping=true -Xmx1G -Xms100m -Xlog:disable -javaagent:c:\Users\SHRIRANG\.vscode\extensions\redhat.java-1.21.0-win32-x64\lombok\lombok-1.18.28.jar -XX:+HeapDumpOnOutOfMemoryError -XX:HeapDumpPath=c:\Users\SHRIRANG\AppData\Roaming\Code\User\workspaceStorage\2815c9bd9f28df013a757d31c8cc9289\redhat.java -Daether.dependencyCollector.impl=bf c:\Users\SHRIRANG\.vscode\extensions\redhat.java-1.21.0-win32-x64\server\plugins\org.eclipse.equinox.launcher_1.6.500.v20230717-2134.jar -configuration c:\Users\SHRIRANG\AppData\Roaming\Code\User\globalStorage\redhat.java\1.21.0\config_win -data c:\Users\SHRIRANG\AppData\Roaming\Code\User\workspaceStorage\2815c9bd9f28df013a757d31c8cc9289\redhat.java\jdt_ws

Host: Intel(R) Core(TM) i5-8300H CPU @ 2.30GHz, 8 cores, 7G,  Windows 11 , 64 bit Build 22621 (10.0.22621.2070)
Time: Wed Sep  6 12:04:55 2023 India Standard Time elapsed time: 159236.557845 seconds (1d 20h 13m 56s)

---------------  T H R E A D  ---------------

Current thread (0x0000028ffc281d80):  JavaThread "C2 CompilerThread0" daemon [_thread_in_native, id=2208, stack(0x000000d499600000,0x000000d499700000)]


Current CompileTask:
C2:159236559 17364       4       org.objectweb.asm.ClassReader::readMethod (1066 bytes)

Stack: [0x000000d499600000,0x000000d499700000]
Native frames: (J=compiled Java code, j=interpreted, Vv=VM code, C=native code)
V  [jvm.dll+0x67754a]
V  [jvm.dll+0x834304]
V  [jvm.dll+0x835aae]
V  [jvm.dll+0x836113]
V  [jvm.dll+0x24696f]
V  [jvm.dll+0xac0ac]
V  [jvm.dll+0xac67c]
V  [jvm.dll+0x364de2]
V  [jvm.dll+0x1bcde8]
V  [jvm.dll+0x219799]
V  [jvm.dll+0x218a61]
V  [jvm.dll+0x1a4d8d]
V  [jvm.dll+0x2284da]
V  [jvm.dll+0x226615]
V  [jvm.dll+0x7ea90b]
V  [jvm.dll+0x7e4e7a]
V  [jvm.dll+0x676395]
C  [ucrtbase.dll+0x29363]
C  [KERNEL32.DLL+0x126ad]
C  [ntdll.dll+0x5aa68]


---------------  P R O C E S S  ---------------

Threads class SMR info:
_java_thread_list=0x0000028fff12f360, length=34, elements={
0x0000028fe30a4e00, 0x0000028ff6f1cf40, 0x0000028ff6f1e1a0, 0x0000028ffc276f40,
0x0000028ffc277900, 0x0000028ffc27ab70, 0x0000028ffc2810e0, 0x0000028ffc281d80,
0x0000028ffc2e20f0, 0x0000028ffc2ea630, 0x0000028fe3107340, 0x0000028ffd270770,
0x0000028ffd7cc140, 0x0000028ffdc72010, 0x0000028ffdb4f5e0, 0x0000028ffd7ed610,
0x0000028ffdc07610, 0x0000028ffdcf3080, 0x0000028ffee72c30, 0x0000028ffee73f70,
0x0000028ffee73100, 0x0000028ffee74440, 0x0000028f80dd6ce0, 0x0000028ffd8b47e0,
0x0000028ffe2a7e00, 0x0000028ffe5679d0, 0x0000028ffe567ea0, 0x0000028ffd8b5ff0,
0x0000028f8adfab20, 0x0000028f8adf9cb0, 0x0000028f8adf9310, 0x0000028f8adfa650,
0x0000028f80dd89c0, 0x0000028f8adf97e0
}

Java Threads: ( => current thread )
  0x0000028fe30a4e00 JavaThread "main" [_thread_blocked, id=4228, stack(0x000000d498c00000,0x000000d498d00000)]
  0x0000028ff6f1cf40 JavaThread "Reference Handler" daemon [_thread_blocked, id=3144, stack(0x000000d498f00000,0x000000d499000000)]
  0x0000028ff6f1e1a0 JavaThread "Finalizer" daemon [_thread_blocked, id=15140, stack(0x000000d499000000,0x000000d499100000)]
  0x0000028ffc276f40 JavaThread "Signal Dispatcher" daemon [_thread_blocked, id=9604, stack(0x000000d499200000,0x000000d499300000)]
  0x0000028ffc277900 JavaThread "Attach Listener" daemon [_thread_blocked, id=16568, stack(0x000000d499300000,0x000000d499400000)]
  0x0000028ffc27ab70 JavaThread "Service Thread" daemon [_thread_blocked, id=5352, stack(0x000000d499400000,0x000000d499500000)]
  0x0000028ffc2810e0 JavaThread "Monitor Deflation Thread" daemon [_thread_blocked, id=15268, stack(0x000000d499500000,0x000000d499600000)]
=>0x0000028ffc281d80 JavaThread "C2 CompilerThread0" daemon [_thread_in_native, id=2208, stack(0x000000d499600000,0x000000d499700000)]
  0x0000028ffc2e20f0 JavaThread "C1 CompilerThread0" daemon [_thread_blocked, id=17020, stack(0x000000d499700000,0x000000d499800000)]
  0x0000028ffc2ea630 JavaThread "Sweeper thread" daemon [_thread_blocked, id=14376, stack(0x000000d499800000,0x000000d499900000)]
  0x0000028fe3107340 JavaThread "Common-Cleaner" daemon [_thread_blocked, id=4904, stack(0x000000d499900000,0x000000d499a00000)]
  0x0000028ffd270770 JavaThread "Notification Thread" daemon [_thread_blocked, id=15816, stack(0x000000d499a00000,0x000000d499b00000)]
  0x0000028ffd7cc140 JavaThread "Active Thread: Equinox Container: 7d1f60b5-1f1c-4ba6-b163-726a2f567855" [_thread_blocked, id=18080, stack(0x000000d49a200000,0x000000d49a300000)]
  0x0000028ffdc72010 JavaThread "Framework Event Dispatcher: Equinox Container: 7d1f60b5-1f1c-4ba6-b163-726a2f567855" daemon [_thread_blocked, id=16072, stack(0x000000d49a300000,0x000000d49a400000)]
  0x0000028ffdb4f5e0 JavaThread "Start Level: Equinox Container: 7d1f60b5-1f1c-4ba6-b163-726a2f567855" daemon [_thread_blocked, id=5300, stack(0x000000d49a400000,0x000000d49a500000)]
  0x0000028ffd7ed610 JavaThread "SCR Component Actor" daemon [_thread_blocked, id=17280, stack(0x000000d49a500000,0x000000d49a600000)]
  0x0000028ffdc07610 JavaThread "Worker-JM" [_thread_blocked, id=8980, stack(0x000000d49a800000,0x000000d49a900000)]
  0x0000028ffdcf3080 JavaThread "Java indexing" daemon [_thread_blocked, id=19292, stack(0x000000d49ab00000,0x000000d49ac00000)]
  0x0000028ffee72c30 JavaThread "JNA Cleaner" daemon [_thread_blocked, id=19368, stack(0x000000d49ad00000,0x000000d49ae00000)]
  0x0000028ffee73f70 JavaThread "pool-2-thread-1" [_thread_blocked, id=4172, stack(0x000000d49ae00000,0x000000d49af00000)]
  0x0000028ffee73100 JavaThread "WorkspaceEventsHandler" [_thread_blocked, id=18552, stack(0x000000d49b000000,0x000000d49b100000)]
  0x0000028ffee74440 JavaThread "pool-1-thread-1" [_thread_in_native, id=18560, stack(0x000000d49b100000,0x000000d49b200000)]
  0x0000028f80dd6ce0 JavaThread "Bundle File Closer" daemon [_thread_blocked, id=19428, stack(0x000000d49b800000,0x000000d49b900000)]
  0x0000028ffd8b47e0 JavaThread "Worker-27" [_thread_blocked, id=15168, stack(0x000000d498a00000,0x000000d498b00000)]
  0x0000028ffe2a7e00 JavaThread "Worker-29" [_thread_blocked, id=31628, stack(0x000000d49a900000,0x000000d49aa00000)]
  0x0000028ffe5679d0 JavaThread "Worker-32" [_thread_blocked, id=30080, stack(0x000000d499100000,0x000000d499200000)]
  0x0000028ffe567ea0 JavaThread "ForkJoinPool.commonPool-worker-31" daemon [_thread_blocked, id=2276, stack(0x000000d498b00000,0x000000d498c00000)]
  0x0000028ffd8b5ff0 JavaThread "Worker-33" [_thread_blocked, id=23028, stack(0x000000d49a700000,0x000000d49a800000)]
  0x0000028f8adfab20 JavaThread "ForkJoinPool.commonPool-worker-32" daemon [_thread_blocked, id=25532, stack(0x000000d49aa00000,0x000000d49ab00000)]
  0x0000028f8adf9cb0 JavaThread "ForkJoinPool.commonPool-worker-33" daemon [_thread_blocked, id=13036, stack(0x000000d49ac00000,0x000000d49ad00000)]
  0x0000028f8adf9310 JavaThread "ForkJoinPool.commonPool-worker-34" daemon [_thread_blocked, id=2020, stack(0x000000d49af00000,0x000000d49b000000)]
  0x0000028f8adfa650 JavaThread "ForkJoinPool.commonPool-worker-35" daemon [_thread_blocked, id=2008, stack(0x000000d49b200000,0x000000d49b300000)]
  0x0000028f80dd89c0 JavaThread "ForkJoinPool.commonPool-worker-36" daemon [_thread_in_native, id=30308, stack(0x000000d49b300000,0x000000d49b400000)]
  0x0000028f8adf97e0 JavaThread "ForkJoinPool.commonPool-worker-37" daemon [_thread_blocked, id=14348, stack(0x000000d49b400000,0x000000d49b500000)]

Other Threads:
  0x0000028fe312a0a0 VMThread "VM Thread" [stack: 0x000000d498e00000,0x000000d498f00000] [id=5164]
  0x0000028ffc618d20 WatcherThread [stack: 0x000000d499b00000,0x000000d499c00000] [id=4312]
  0x0000028fe30bda50 GCTaskThread "GC Thread#0" [stack: 0x000000d498d00000,0x000000d498e00000] [id=8324]
  0x0000028ffd917a10 GCTaskThread "GC Thread#1" [stack: 0x000000d499c00000,0x000000d499d00000] [id=9056]
  0x0000028ffd8c5940 GCTaskThread "GC Thread#2" [stack: 0x000000d499d00000,0x000000d499e00000] [id=18152]
  0x0000028ffd8425b0 GCTaskThread "GC Thread#3" [stack: 0x000000d499e00000,0x000000d499f00000] [id=16876]
  0x0000028ffd842860 GCTaskThread "GC Thread#4" [stack: 0x000000d499f00000,0x000000d49a000000] [id=13768]
  0x0000028ffd8d70e0 GCTaskThread "GC Thread#5" [stack: 0x000000d49a000000,0x000000d49a100000] [id=17260]
  0x0000028ffd8d7390 GCTaskThread "GC Thread#6" [stack: 0x000000d49a100000,0x000000d49a200000] [id=4944]
  0x0000028ffd97d050 GCTaskThread "GC Thread#7" [stack: 0x000000d49a600000,0x000000d49a700000] [id=16712]

Threads with active compile tasks:
C2 CompilerThread0  159236737 17364       4       org.objectweb.asm.ClassReader::readMethod (1066 bytes)

VM state: not at safepoint (normal execution)

VM Mutex/Monitor currently owned by a thread: None

Heap address: 0x00000000c0000000, size: 1024 MB, Compressed Oops mode: 32-bit

CDS archive(s) not mapped
Compressed class space mapped at: 0x0000000100000000-0x0000000140000000, reserved size: 1073741824
Narrow klass base: 0x0000000000000000, Narrow klass shift: 3, Narrow klass range: 0x140000000

GC Precious Log:
 CPUs: 8 total, 8 available
 Memory: 8000M
 Large Page Support: Disabled
 NUMA Support: Disabled
 Compressed Oops: Enabled (32-bit)
 Alignments: Space 512K, Generation 512K, Heap 2M
 Heap Min Capacity: 100M
 Heap Initial Capacity: 100M
 Heap Max Capacity: 1G
 Pre-touch: Disabled
 Parallel Workers: 8

Heap:
 PSYoungGen      total 12800K, used 635K [0x00000000eab00000, 0x00000000eba80000, 0x0000000100000000)
  eden space 11264K, 2% used [0x00000000eab00000,0x00000000eab46ee0,0x00000000eb600000)
  from space 1536K, 22% used [0x00000000eb600000,0x00000000eb658000,0x00000000eb780000)
  to   space 1024K, 0% used [0x00000000eb980000,0x00000000eb980000,0x00000000eba80000)
 ParOldGen       total 183808K, used 167820K [0x00000000c0000000, 0x00000000cb380000, 0x00000000eab00000)
  object space 183808K, 91% used [0x00000000c0000000,0x00000000ca3e3018,0x00000000cb380000)
 Metaspace       used 77204K, committed 78464K, reserved 1179648K
  class space    used 7906K, committed 8448K, reserved 1048576K

Card table byte_map: [0x0000028fe2a40000,0x0000028fe2c50000] _byte_map_base: 0x0000028fe2440000

Marking Bits: (ParMarkBitMap*) 0x00007ff8867152c0
 Begin Bits: [0x0000028ff4d20000, 0x0000028ff5d20000)
 End Bits:   [0x0000028ff5d20000, 0x0000028ff6d20000)

Polling page: 0x0000028fe1020000

Metaspace:

Usage:
  Non-class:     67.67 MB used.
      Class:      7.72 MB used.
       Both:     75.39 MB used.

Virtual space:
  Non-class space:      128.00 MB reserved,      68.38 MB ( 53%) committed,  2 nodes.
      Class space:        1.00 GB reserved,       8.25 MB ( <1%) committed,  1 nodes.
             Both:        1.12 GB reserved,      76.62 MB (  7%) committed. 

Chunk freelists:
   Non-Class:  11.16 MB
       Class:  7.69 MB
        Both:  18.85 MB

MaxMetaspaceSize: unlimited
CompressedClassSpaceSize: 1.00 GB
Initial GC threshold: 21.00 MB
Current GC threshold: 124.00 MB
CDS: off
MetaspaceReclaimPolicy: balanced
 - commit_granule_bytes: 65536.
 - commit_granule_words: 8192.
 - virtual_space_node_default_size: 8388608.
 - enlarge_chunks_in_place: 1.
 - new_chunks_are_fully_committed: 0.
 - uncommit_free_chunks: 1.
 - use_allocation_guard: 0.
 - handle_deallocations: 1.


Internal statistics:

num_allocs_failed_limit: 11.
num_arena_births: 1374.
num_arena_deaths: 652.
num_vsnodes_births: 3.
num_vsnodes_deaths: 0.
num_space_committed: 1228.
num_space_uncommitted: 2.
num_chunks_returned_to_freelist: 874.
num_chunks_taken_from_freelist: 5123.
num_chunk_merges: 299.
num_chunk_splits: 2820.
num_chunks_enlarged: 1432.
num_inconsistent_stats: 0.

CodeHeap 'non-profiled nmethods': size=120000Kb used=12489Kb max_used=12522Kb free=107510Kb
 bounds [0x0000028fed7f0000, 0x0000028fee430000, 0x0000028ff4d20000]
CodeHeap 'profiled nmethods': size=120000Kb used=29190Kb max_used=29355Kb free=90809Kb
 bounds [0x0000028fe5d20000, 0x0000028fe79f0000, 0x0000028fed250000]
CodeHeap 'non-nmethods': size=5760Kb used=1383Kb max_used=1532Kb free=4376Kb
 bounds [0x0000028fed250000, 0x0000028fed4c0000, 0x0000028fed7f0000]
 total_blobs=14220 nmethods=13491 adapters=639
 compilation: enabled
              stopped_count=0, restarted_count=0
 full_count=0

Compilation events (20 events):
Event: 159236.256 Thread 0x0000028ffc2e20f0 17404       3       java.util.AbstractList$Itr::hasNext (20 bytes)
Event: 159236.257 Thread 0x0000028ffc2e20f0 nmethod 17404 0x0000028fe640fa90 code [0x0000028fe640fc40, 0x0000028fe640fe68]
Event: 159236.257 Thread 0x0000028ffc2e20f0 17405       3       org.eclipse.jdt.core.dom.ASTVisitor::endVisit (1 bytes)
Event: 159236.257 Thread 0x0000028ffc2e20f0 nmethod 17405 0x0000028fe5d4e110 code [0x0000028fe5d4e2a0, 0x0000028fe5d4e3b8]
Event: 159236.257 Thread 0x0000028ffc2e20f0 17406       1       org.eclipse.jdt.core.dom.ASTVisitor::visit (2 bytes)
Event: 159236.257 Thread 0x0000028ffc2e20f0 nmethod 17406 0x0000028fed9a3390 code [0x0000028fed9a3520, 0x0000028fed9a35f8]
Event: 159236.271 Thread 0x0000028ffc2e20f0 17407       3       org.objectweb.asm.MethodWriter::putMethodInfo (1274 bytes)
Event: 159236.308 Thread 0x0000028ffc2e20f0 nmethod 17407 0x0000028fe74e6410 code [0x0000028fe74e6aa0, 0x0000028fe74e9068]
Event: 159236.308 Thread 0x0000028ffc2e20f0 17410       3       org.eclipse.jdt.core.dom.ASTNode$NodeList::get (9 bytes)
Event: 159236.309 Thread 0x0000028ffc2e20f0 nmethod 17410 0x0000028fe5fdf210 code [0x0000028fe5fdf3e0, 0x0000028fe5fdf868]
Event: 159236.309 Thread 0x0000028ffc2e20f0 17408       3       java.util.AbstractList$Itr::checkForComodification (23 bytes)
Event: 159236.309 Thread 0x0000028ffc2e20f0 nmethod 17408 0x0000028fe657c710 code [0x0000028fe657c8c0, 0x0000028fe657cae8]
Event: 159236.309 Thread 0x0000028ffc2e20f0 17409   !   3       java.util.AbstractList$Itr::next (46 bytes)
Event: 159236.309 Thread 0x0000028ffc2e20f0 nmethod 17409 0x0000028fe609a790 code [0x0000028fe609a9a0, 0x0000028fe609af98]
Event: 159236.316 Thread 0x0000028ffc2e20f0 17412       3       org.eclipse.lsp4j.jsonrpc.messages.Either::isRight (13 bytes)
Event: 159236.316 Thread 0x0000028ffc2e20f0 nmethod 17412 0x0000028fe606f310 code [0x0000028fe606f4a0, 0x0000028fe606f618]
Event: 159236.371 Thread 0x0000028ffc2e20f0 17413       3       sun.reflect.annotation.AnnotationParser::toClass (32 bytes)
Event: 159236.372 Thread 0x0000028ffc2e20f0 nmethod 17413 0x0000028fe77b8d10 code [0x0000028fe77b8f60, 0x0000028fe77b9a48]
Event: 159236.374 Thread 0x0000028ffc2e20f0 17414       3       sun.reflect.annotation.AnnotationParser::parseSig (62 bytes)
Event: 159236.375 Thread 0x0000028ffc2e20f0 nmethod 17414 0x0000028fe66ad190 code [0x0000028fe66ad460, 0x0000028fe66ae438]

GC Heap History (20 events):
Event: 159207.351 GC heap before
{Heap before GC invocations=536 (full 25):
 PSYoungGen      total 3072K, used 3064K [0x00000000eab00000, 0x00000000eb580000, 0x0000000100000000)
  eden space 2048K, 99% used [0x00000000eab00000,0x00000000eacfe240,0x00000000ead00000)
  from space 1024K, 100% used [0x00000000eb480000,0x00000000eb580000,0x00000000eb580000)
  to   space 3072K, 0% used [0x00000000eaf80000,0x00000000eaf80000,0x00000000eb280000)
 ParOldGen       total 183808K, used 141484K [0x00000000c0000000, 0x00000000cb380000, 0x00000000eab00000)
  object space 183808K, 76% used [0x00000000c0000000,0x00000000c8a2b270,0x00000000cb380000)
 Metaspace       used 75147K, committed 76352K, reserved 1179648K
  class space    used 7707K, committed 8320K, reserved 1048576K
}
Event: 159207.380 GC heap after
{Heap after GC invocations=536 (full 25):
 PSYoungGen      total 5632K, used 2005K [0x00000000eab00000, 0x00000000eb500000, 0x0000000100000000)
  eden space 2560K, 0% used [0x00000000eab00000,0x00000000eab00000,0x00000000ead80000)
  from space 3072K, 65% used [0x00000000eaf80000,0x00000000eb1755c0,0x00000000eb280000)
  to   space 2560K, 0% used [0x00000000eb280000,0x00000000eb280000,0x00000000eb500000)
 ParOldGen       total 183808K, used 142540K [0x00000000c0000000, 0x00000000cb380000, 0x00000000eab00000)
  object space 183808K, 77% used [0x00000000c0000000,0x00000000c8b33270,0x00000000cb380000)
 Metaspace       used 75147K, committed 76352K, reserved 1179648K
  class space    used 7707K, committed 8320K, reserved 1048576K
}
Event: 159207.405 GC heap before
{Heap before GC invocations=537 (full 25):
 PSYoungGen      total 5632K, used 4565K [0x00000000eab00000, 0x00000000eb500000, 0x0000000100000000)
  eden space 2560K, 100% used [0x00000000eab00000,0x00000000ead80000,0x00000000ead80000)
  from space 3072K, 65% used [0x00000000eaf80000,0x00000000eb1755c0,0x00000000eb280000)
  to   space 2560K, 0% used [0x00000000eb280000,0x00000000eb280000,0x00000000eb500000)
 ParOldGen       total 183808K, used 142540K [0x00000000c0000000, 0x00000000cb380000, 0x00000000eab00000)
  object space 183808K, 77% used [0x00000000c0000000,0x00000000c8b33270,0x00000000cb380000)
 Metaspace       used 75147K, committed 76352K, reserved 1179648K
  class space    used 7707K, committed 8320K, reserved 1048576K
}
Event: 159207.444 GC heap after
{Heap after GC invocations=537 (full 25):
 PSYoungGen      total 5120K, used 2030K [0x00000000eab00000, 0x00000000eb480000, 0x0000000100000000)
  eden space 3072K, 0% used [0x00000000eab00000,0x00000000eab00000,0x00000000eae00000)
  from space 2048K, 99% used [0x00000000eb280000,0x00000000eb47b800,0x00000000eb480000)
  to   space 2560K, 0% used [0x00000000eaf80000,0x00000000eaf80000,0x00000000eb200000)
 ParOldGen       total 183808K, used 144444K [0x00000000c0000000, 0x00000000cb380000, 0x00000000eab00000)
  object space 183808K, 78% used [0x00000000c0000000,0x00000000c8d0f270,0x00000000cb380000)
 Metaspace       used 75147K, committed 76352K, reserved 1179648K
  class space    used 7707K, committed 8320K, reserved 1048576K
}
Event: 159207.481 GC heap before
{Heap before GC invocations=538 (full 25):
 PSYoungGen      total 5120K, used 5102K [0x00000000eab00000, 0x00000000eb480000, 0x0000000100000000)
  eden space 3072K, 100% used [0x00000000eab00000,0x00000000eae00000,0x00000000eae00000)
  from space 2048K, 99% used [0x00000000eb280000,0x00000000eb47b800,0x00000000eb480000)
  to   space 2560K, 0% used [0x00000000eaf80000,0x00000000eaf80000,0x00000000eb200000)
 ParOldGen       total 183808K, used 144444K [0x00000000c0000000, 0x00000000cb380000, 0x00000000eab00000)
  object space 183808K, 78% used [0x00000000c0000000,0x00000000c8d0f270,0x00000000cb380000)
 Metaspace       used 75147K, committed 76352K, reserved 1179648K
  class space    used 7707K, committed 8320K, reserved 1048576K
}
Event: 159207.526 GC heap after
{Heap after GC invocations=538 (full 25):
 PSYoungGen      total 6656K, used 2556K [0x00000000eab00000, 0x00000000eb900000, 0x0000000100000000)
  eden space 4096K, 0% used [0x00000000eab00000,0x00000000eab00000,0x00000000eaf00000)
  from space 2560K, 99% used [0x00000000eaf80000,0x00000000eb1ff000,0x00000000eb200000)
  to   space 5120K, 0% used [0x00000000eb400000,0x00000000eb400000,0x00000000eb900000)
 ParOldGen       total 183808K, used 146188K [0x00000000c0000000, 0x00000000cb380000, 0x00000000eab00000)
  object space 183808K, 79% used [0x00000000c0000000,0x00000000c8ec3270,0x00000000cb380000)
 Metaspace       used 75147K, committed 76352K, reserved 1179648K
  class space    used 7707K, committed 8320K, reserved 1048576K
}
Event: 159208.034 GC heap before
{Heap before GC invocations=539 (full 25):
 PSYoungGen      total 6656K, used 6295K [0x00000000eab00000, 0x00000000eb900000, 0x0000000100000000)
  eden space 4096K, 91% used [0x00000000eab00000,0x00000000eaea6f80,0x00000000eaf00000)
  from space 2560K, 99% used [0x00000000eaf80000,0x00000000eb1ff000,0x00000000eb200000)
  to   space 5120K, 0% used [0x00000000eb400000,0x00000000eb400000,0x00000000eb900000)
 ParOldGen       total 183808K, used 146188K [0x00000000c0000000, 0x00000000cb380000, 0x00000000eab00000)
  object space 183808K, 79% used [0x00000000c0000000,0x00000000c8ec3270,0x00000000cb380000)
 Metaspace       used 75150K, committed 76416K, reserved 1179648K
  class space    used 7708K, committed 8320K, reserved 1048576K
}
Event: 159208.074 GC heap after
{Heap after GC invocations=539 (full 25):
 PSYoungGen      total 9216K, used 3724K [0x00000000eab00000, 0x00000000eb800000, 0x0000000100000000)
  eden space 5120K, 0% used [0x00000000eab00000,0x00000000eab00000,0x00000000eb000000)
  from space 4096K, 90% used [0x00000000eb400000,0x00000000eb7a32e0,0x00000000eb800000)
  to   space 4096K, 0% used [0x00000000eb000000,0x00000000eb000000,0x00000000eb400000)
 ParOldGen       total 183808K, used 147412K [0x00000000c0000000, 0x00000000cb380000, 0x00000000eab00000)
  object space 183808K, 80% used [0x00000000c0000000,0x00000000c8ff5270,0x00000000cb380000)
 Metaspace       used 75150K, committed 76416K, reserved 1179648K
  class space    used 7708K, committed 8320K, reserved 1048576K
}
Event: 159208.130 GC heap before
{Heap before GC invocations=540 (full 25):
 PSYoungGen      total 9216K, used 8844K [0x00000000eab00000, 0x00000000eb800000, 0x0000000100000000)
  eden space 5120K, 100% used [0x00000000eab00000,0x00000000eb000000,0x00000000eb000000)
  from space 4096K, 90% used [0x00000000eb400000,0x00000000eb7a32e0,0x00000000eb800000)
  to   space 4096K, 0% used [0x00000000eb000000,0x00000000eb000000,0x00000000eb400000)
 ParOldGen       total 183808K, used 147412K [0x00000000c0000000, 0x00000000cb380000, 0x00000000eab00000)
  object space 183808K, 80% used [0x00000000c0000000,0x00000000c8ff5270,0x00000000cb380000)
 Metaspace       used 75151K, committed 76416K, reserved 1179648K
  class space    used 7708K, committed 8320K, reserved 1048576K
}
Event: 159208.233 GC heap after
{Heap after GC invocations=540 (full 25):
 PSYoungGen      total 9216K, used 4064K [0x00000000eab00000, 0x00000000ec400000, 0x0000000100000000)
  eden space 5120K, 0% used [0x00000000eab00000,0x00000000eab00000,0x00000000eb000000)
  from space 4096K, 99% used [0x00000000eb000000,0x00000000eb3f8248,0x00000000eb400000)
  to   space 9728K, 0% used [0x00000000eba80000,0x00000000eba80000,0x00000000ec400000)
 ParOldGen       total 183808K, used 152121K [0x00000000c0000000, 0x00000000cb380000, 0x00000000eab00000)
  object space 183808K, 82% used [0x00000000c0000000,0x00000000c948e550,0x00000000cb380000)
 Metaspace       used 75151K, committed 76416K, reserved 1179648K
  class space    used 7708K, committed 8320K, reserved 1048576K
}
Event: 159208.302 GC heap before
{Heap before GC invocations=541 (full 25):
 PSYoungGen      total 9216K, used 9184K [0x00000000eab00000, 0x00000000ec400000, 0x0000000100000000)
  eden space 5120K, 100% used [0x00000000eab00000,0x00000000eb000000,0x00000000eb000000)
  from space 4096K, 99% used [0x00000000eb000000,0x00000000eb3f8248,0x00000000eb400000)
  to   space 9728K, 0% used [0x00000000eba80000,0x00000000eba80000,0x00000000ec400000)
 ParOldGen       total 183808K, used 152121K [0x00000000c0000000, 0x00000000cb380000, 0x00000000eab00000)
  object space 183808K, 82% used [0x00000000c0000000,0x00000000c948e550,0x00000000cb380000)
 Metaspace       used 75151K, committed 76416K, reserved 1179648K
  class space    used 7708K, committed 8320K, reserved 1048576K
}
Event: 159208.406 GC heap after
{Heap after GC invocations=541 (full 25):
 PSYoungGen      total 11776K, used 5184K [0x00000000eab00000, 0x00000000ec000000, 0x0000000100000000)
  eden space 6144K, 0% used [0x00000000eab00000,0x00000000eab00000,0x00000000eb100000)
  from space 5632K, 92% used [0x00000000eba80000,0x00000000ebf90000,0x00000000ec000000)
  to   space 6656K, 0% used [0x00000000eb300000,0x00000000eb300000,0x00000000eb980000)
 ParOldGen       total 183808K, used 156225K [0x00000000c0000000, 0x00000000cb380000, 0x00000000eab00000)
  object space 183808K, 84% used [0x00000000c0000000,0x00000000c9890798,0x00000000cb380000)
 Metaspace       used 75151K, committed 76416K, reserved 1179648K
  class space    used 7708K, committed 8320K, reserved 1048576K
}
Event: 159208.461 GC heap before
{Heap before GC invocations=542 (full 25):
 PSYoungGen      total 11776K, used 10869K [0x00000000eab00000, 0x00000000ec000000, 0x0000000100000000)
  eden space 6144K, 92% used [0x00000000eab00000,0x00000000eb08d4e0,0x00000000eb100000)
  from space 5632K, 92% used [0x00000000eba80000,0x00000000ebf90000,0x00000000ec000000)
  to   space 6656K, 0% used [0x00000000eb300000,0x00000000eb300000,0x00000000eb980000)
 ParOldGen       total 183808K, used 156225K [0x00000000c0000000, 0x00000000cb380000, 0x00000000eab00000)
  object space 183808K, 84% used [0x00000000c0000000,0x00000000c9890798,0x00000000cb380000)
 Metaspace       used 75154K, committed 76416K, reserved 1179648K
  class space    used 7708K, committed 8320K, reserved 1048576K
}
Event: 159208.729 GC heap after
{Heap after GC invocations=542 (full 25):
 PSYoungGen      total 12800K, used 4864K [0x00000000eab00000, 0x00000000ebd80000, 0x0000000100000000)
  eden space 7680K, 0% used [0x00000000eab00000,0x00000000eab00000,0x00000000eb280000)
  from space 5120K, 95% used [0x00000000eb300000,0x00000000eb7c0000,0x00000000eb800000)
  to   space 5632K, 0% used [0x00000000eb800000,0x00000000eb800000,0x00000000ebd80000)
 ParOldGen       total 183808K, used 161401K [0x00000000c0000000, 0x00000000cb380000, 0x00000000eab00000)
  object space 183808K, 87% used [0x00000000c0000000,0x00000000c9d9e798,0x00000000cb380000)
 Metaspace       used 75154K, committed 76416K, reserved 1179648K
  class space    used 7708K, committed 8320K, reserved 1048576K
}
Event: 159229.602 GC heap before
{Heap before GC invocations=543 (full 25):
 PSYoungGen      total 12800K, used 12544K [0x00000000eab00000, 0x00000000ebd80000, 0x0000000100000000)
  eden space 7680K, 100% used [0x00000000eab00000,0x00000000eb280000,0x00000000eb280000)
  from space 5120K, 95% used [0x00000000eb300000,0x00000000eb7c0000,0x00000000eb800000)
  to   space 5632K, 0% used [0x00000000eb800000,0x00000000eb800000,0x00000000ebd80000)
 ParOldGen       total 183808K, used 161401K [0x00000000c0000000, 0x00000000cb380000, 0x00000000eab00000)
  object space 183808K, 87% used [0x00000000c0000000,0x00000000c9d9e798,0x00000000cb380000)
 Metaspace       used 75208K, committed 76416K, reserved 1179648K
  class space    used 7710K, committed 8320K, reserved 1048576K
}
Event: 159229.698 GC heap after
{Heap after GC invocations=543 (full 25):
 PSYoungGen      total 11264K, used 1534K [0x00000000eab00000, 0x00000000eba00000, 0x0000000100000000)
  eden space 9216K, 0% used [0x00000000eab00000,0x00000000eab00000,0x00000000eb400000)
  from space 2048K, 74% used [0x00000000eb800000,0x00000000eb97fb10,0x00000000eba00000)
  to   space 3072K, 0% used [0x00000000eb400000,0x00000000eb400000,0x00000000eb700000)
 ParOldGen       total 183808K, used 165257K [0x00000000c0000000, 0x00000000cb380000, 0x00000000eab00000)
  object space 183808K, 89% used [0x00000000c0000000,0x00000000ca162798,0x00000000cb380000)
 Metaspace       used 75208K, committed 76416K, reserved 1179648K
  class space    used 7710K, committed 8320K, reserved 1048576K
}
Event: 159234.033 GC heap before
{Heap before GC invocations=544 (full 25):
 PSYoungGen      total 11264K, used 10750K [0x00000000eab00000, 0x00000000eba00000, 0x0000000100000000)
  eden space 9216K, 100% used [0x00000000eab00000,0x00000000eb400000,0x00000000eb400000)
  from space 2048K, 74% used [0x00000000eb800000,0x00000000eb97fb10,0x00000000eba00000)
  to   space 3072K, 0% used [0x00000000eb400000,0x00000000eb400000,0x00000000eb700000)
 ParOldGen       total 183808K, used 165257K [0x00000000c0000000, 0x00000000cb380000, 0x00000000eab00000)
  object space 183808K, 89% used [0x00000000c0000000,0x00000000ca162798,0x00000000cb380000)
 Metaspace       used 75782K, committed 76992K, reserved 1179648K
  class space    used 7760K, committed 8320K, reserved 1048576K
}
Event: 159234.138 GC heap after
{Heap after GC invocations=544 (full 25):
 PSYoungGen      total 12288K, used 724K [0x00000000eab00000, 0x00000000eb900000, 0x0000000100000000)
  eden space 9216K, 0% used [0x00000000eab00000,0x00000000eab00000,0x00000000eb400000)
  from space 3072K, 23% used [0x00000000eb400000,0x00000000eb4b5200,0x00000000eb700000)
  to   space 1536K, 0% used [0x00000000eb780000,0x00000000eb780000,0x00000000eb900000)
 ParOldGen       total 183808K, used 166682K [0x00000000c0000000, 0x00000000cb380000, 0x00000000eab00000)
  object space 183808K, 90% used [0x00000000c0000000,0x00000000ca2c6bb8,0x00000000cb380000)
 Metaspace       used 75782K, committed 76992K, reserved 1179648K
  class space    used 7760K, committed 8320K, reserved 1048576K
}
Event: 159235.204 GC heap before
{Heap before GC invocations=545 (full 25):
 PSYoungGen      total 12288K, used 9940K [0x00000000eab00000, 0x00000000eb900000, 0x0000000100000000)
  eden space 9216K, 100% used [0x00000000eab00000,0x00000000eb400000,0x00000000eb400000)
  from space 3072K, 23% used [0x00000000eb400000,0x00000000eb4b5200,0x00000000eb700000)
  to   space 1536K, 0% used [0x00000000eb780000,0x00000000eb780000,0x00000000eb900000)
 ParOldGen       total 183808K, used 166682K [0x00000000c0000000, 0x00000000cb380000, 0x00000000eab00000)
  object space 183808K, 90% used [0x00000000c0000000,0x00000000ca2c6bb8,0x00000000cb380000)
 Metaspace       used 76241K, committed 77440K, reserved 1179648K
  class space    used 7805K, committed 8384K, reserved 1048576K
}
Event: 159235.215 GC heap after
{Heap after GC invocations=545 (full 25):
 PSYoungGen      total 12800K, used 1149K [0x00000000eab00000, 0x00000000eb900000, 0x0000000100000000)
  eden space 11264K, 0% used [0x00000000eab00000,0x00000000eab00000,0x00000000eb600000)
  from space 1536K, 74% used [0x00000000eb780000,0x00000000eb89f4e0,0x00000000eb900000)
  to   space 1536K, 0% used [0x00000000eb600000,0x00000000eb600000,0x00000000eb780000)
 ParOldGen       total 183808K, used 167279K [0x00000000c0000000, 0x00000000cb380000, 0x00000000eab00000)
  object space 183808K, 91% used [0x00000000c0000000,0x00000000ca35bd70,0x00000000cb380000)
 Metaspace       used 76241K, committed 77440K, reserved 1179648K
  class space    used 7805K, committed 8384K, reserved 1048576K
}

Dll operation events (10 events):
Event: 0.034 Loaded shared library c:\Users\SHRIRANG\.vscode\extensions\redhat.java-1.21.0-win32-x64\jre\17.0.7-win32-x86_64\bin\java.dll
Event: 0.427 Loaded shared library c:\Users\SHRIRANG\.vscode\extensions\redhat.java-1.21.0-win32-x64\jre\17.0.7-win32-x86_64\bin\zip.dll
Event: 0.432 Loaded shared library C:\Users\SHRIRANG\.vscode\extensions\redhat.java-1.21.0-win32-x64\jre\17.0.7-win32-x86_64\bin\instrument.dll
Event: 0.456 Loaded shared library C:\Users\SHRIRANG\.vscode\extensions\redhat.java-1.21.0-win32-x64\jre\17.0.7-win32-x86_64\bin\net.dll
Event: 0.460 Loaded shared library C:\Users\SHRIRANG\.vscode\extensions\redhat.java-1.21.0-win32-x64\jre\17.0.7-win32-x86_64\bin\nio.dll
Event: 0.472 Loaded shared library C:\Users\SHRIRANG\.vscode\extensions\redhat.java-1.21.0-win32-x64\jre\17.0.7-win32-x86_64\bin\zip.dll
Event: 0.510 Loaded shared library C:\Users\SHRIRANG\.vscode\extensions\redhat.java-1.21.0-win32-x64\jre\17.0.7-win32-x86_64\bin\jimage.dll
Event: 0.609 Loaded shared library c:\Users\SHRIRANG\.vscode\extensions\redhat.java-1.21.0-win32-x64\jre\17.0.7-win32-x86_64\bin\verify.dll
Event: 3.824 Loaded shared library C:\Users\SHRIRANG\AppData\Roaming\Code\User\globalStorage\redhat.java\1.21.0\config_win\org.eclipse.equinox.launcher\org.eclipse.equinox.launcher.win32.win32.x86_64_1.2.700.v20221108-1024\eclipse_11801.dll
Event: 12.880 Loaded shared library C:\Users\SHRIRANG\AppData\Local\Temp\jna-517640564\jna6959804234679807400.dll

Deoptimization events (20 events):
Event: 159235.972 Thread 0x0000028f8adfa650 Uncommon trap: reason=bimorphic_or_optimized_type_check action=maybe_recompile pc=0x0000028fedb95ebc method=java.util.HashMap.removeNode(ILjava/lang/Object;Ljava/lang/Object;ZZ)Ljava/util/HashMap$Node; @ 143 c2
Event: 159235.972 Thread 0x0000028f8adfa650 DEOPT PACKING pc=0x0000028fedb95ebc sp=0x000000d49b2fec80
Event: 159235.973 Thread 0x0000028f8adfab20 DEOPT UNPACKING pc=0x0000028fed2a66a3 sp=0x000000d49aafe808 mode 2
Event: 159235.975 Thread 0x0000028f8adfa650 DEOPT UNPACKING pc=0x0000028fed2a66a3 sp=0x000000d49b2feb88 mode 2
Event: 159236.081 Thread 0x0000028f8adfab20 Uncommon trap: trap_request=0xffffffc6 fr.pc=0x0000028fedb95ebc relative=0x00000000000005dc
Event: 159236.081 Thread 0x0000028f8adfab20 Uncommon trap: reason=bimorphic_or_optimized_type_check action=maybe_recompile pc=0x0000028fedb95ebc method=java.util.HashMap.removeNode(ILjava/lang/Object;Ljava/lang/Object;ZZ)Ljava/util/HashMap$Node; @ 143 c2
Event: 159236.081 Thread 0x0000028f8adfab20 DEOPT PACKING pc=0x0000028fedb95ebc sp=0x000000d49aafe900
Event: 159236.081 Thread 0x0000028f8adfab20 DEOPT UNPACKING pc=0x0000028fed2a66a3 sp=0x000000d49aafe808 mode 2
Event: 159236.170 Thread 0x0000028f8adfab20 Uncommon trap: trap_request=0xffffff45 fr.pc=0x0000028fedb93128 relative=0x0000000000000288
Event: 159236.170 Thread 0x0000028f8adfab20 Uncommon trap: reason=unstable_if action=reinterpret pc=0x0000028fedb93128 method=lombok.launch.PatchFixesHider$PatchFixes.isBlockedVisitorAndGenerated(Lorg/eclipse/jdt/core/dom/ASTNode;Lorg/eclipse/jdt/core/dom/ASTVisitor;)Z @ 20 c2
Event: 159236.170 Thread 0x0000028f8adfab20 DEOPT PACKING pc=0x0000028fedb93128 sp=0x000000d49aafe940
Event: 159236.172 Thread 0x0000028f8adfab20 DEOPT UNPACKING pc=0x0000028fed2a66a3 sp=0x000000d49aafe8e8 mode 2
Event: 159236.172 Thread 0x0000028f8adfab20 Uncommon trap: trap_request=0xffffff45 fr.pc=0x0000028fee41fbec relative=0x00000000000006ac
Event: 159236.172 Thread 0x0000028f8adfab20 Uncommon trap: reason=unstable_if action=reinterpret pc=0x0000028fee41fbec method=lombok.launch.PatchFixesHider$PatchFixes.isBlockedVisitorAndGenerated(Lorg/eclipse/jdt/core/dom/ASTNode;Lorg/eclipse/jdt/core/dom/ASTVisitor;)Z @ 20 c2
Event: 159236.172 Thread 0x0000028f8adfab20 DEOPT PACKING pc=0x0000028fee41fbec sp=0x000000d49aafe890
Event: 159236.172 Thread 0x0000028f8adfab20 DEOPT UNPACKING pc=0x0000028fed2a66a3 sp=0x000000d49aafe788 mode 2
Event: 159236.315 Thread 0x0000028f8adfab20 Uncommon trap: trap_request=0xffffffde fr.pc=0x0000028fedbdecec relative=0x000000000000006c
Event: 159236.315 Thread 0x0000028f8adfab20 Uncommon trap: reason=class_check action=maybe_recompile pc=0x0000028fedbdecec method=java.util.LinkedHashMap.afterNodeInsertion(Z)V @ 15 c2
Event: 159236.316 Thread 0x0000028f8adfab20 DEOPT PACKING pc=0x0000028fedbdecec sp=0x000000d49aafea10
Event: 159236.316 Thread 0x0000028f8adfab20 DEOPT UNPACKING pc=0x0000028fed2a66a3 sp=0x000000d49aafe988 mode 2

Classes unloaded (20 events):
Event: 82570.229 Thread 0x0000028fe312a0a0 Unloading class 0x00000001002b6c00 'jdk/internal/reflect/GeneratedSerializationConstructorAccessor78'
Event: 82570.229 Thread 0x0000028fe312a0a0 Unloading class 0x00000001002b6400 'jdk/internal/reflect/GeneratedSerializationConstructorAccessor77'
Event: 82570.229 Thread 0x0000028fe312a0a0 Unloading class 0x00000001002b3000 'jdk/internal/reflect/GeneratedSerializationConstructorAccessor76'
Event: 82570.229 Thread 0x0000028fe312a0a0 Unloading class 0x00000001002b2400 'jdk/internal/reflect/GeneratedSerializationConstructorAccessor75'
Event: 82570.229 Thread 0x0000028fe312a0a0 Unloading class 0x00000001002b1400 'jdk/internal/reflect/GeneratedSerializationConstructorAccessor74'
Event: 82570.229 Thread 0x0000028fe312a0a0 Unloading class 0x00000001002b0c00 'jdk/internal/reflect/GeneratedSerializationConstructorAccessor73'
Event: 82570.229 Thread 0x0000028fe312a0a0 Unloading class 0x00000001002b0000 'jdk/internal/reflect/GeneratedMethodAccessor70'
Event: 82570.230 Thread 0x0000028fe312a0a0 Unloading class 0x00000001002ae000 'jdk/internal/reflect/GeneratedSerializationConstructorAccessor72'
Event: 82570.230 Thread 0x0000028fe312a0a0 Unloading class 0x00000001002ac400 'jdk/internal/reflect/GeneratedMethodAccessor69'
Event: 82570.230 Thread 0x0000028fe312a0a0 Unloading class 0x0000000100245800 'jdk/internal/reflect/GeneratedSerializationConstructorAccessor71'
Event: 82570.230 Thread 0x0000028fe312a0a0 Unloading class 0x000000010022dc00 'jdk/internal/reflect/GeneratedSerializationConstructorAccessor70'
Event: 82570.230 Thread 0x0000028fe312a0a0 Unloading class 0x000000010022cc00 'jdk/internal/reflect/GeneratedSerializationConstructorAccessor69'
Event: 82570.230 Thread 0x0000028fe312a0a0 Unloading class 0x0000000100219800 'jdk/internal/reflect/GeneratedSerializationConstructorAccessor68'
Event: 82570.230 Thread 0x0000028fe312a0a0 Unloading class 0x00000001001d1800 'jdk/internal/reflect/GeneratedSerializationConstructorAccessor67'
Event: 82570.230 Thread 0x0000028fe312a0a0 Unloading class 0x00000001001cc000 'jdk/internal/reflect/GeneratedSerializationConstructorAccessor66'
Event: 82570.230 Thread 0x0000028fe312a0a0 Unloading class 0x00000001001a1800 'jdk/internal/reflect/GeneratedSerializationConstructorAccessor65'
Event: 82570.230 Thread 0x0000028fe312a0a0 Unloading class 0x000000010019cc00 'jdk/internal/reflect/GeneratedSerializationConstructorAccessor64'
Event: 82570.230 Thread 0x0000028fe312a0a0 Unloading class 0x000000010019c400 'jdk/internal/reflect/GeneratedSerializationConstructorAccessor63'
Event: 82570.230 Thread 0x0000028fe312a0a0 Unloading class 0x000000010019b000 'jdk/internal/reflect/GeneratedSerializationConstructorAccessor62'
Event: 82570.230 Thread 0x0000028fe312a0a0 Unloading class 0x000000010019ac00 'jdk/internal/reflect/GeneratedSerializationConstructorAccessor61'

Classes redefined (0 events):
No events

Internal exceptions (20 events):
Event: 82697.595 Thread 0x0000028ffee73100 Exception <a 'sun/nio/fs/WindowsException'{0x00000000eae22860}> (0x00000000eae22860) 
thrown [s\src\hotspot\share\prims\jni.cpp, line 516]
Event: 82697.616 Thread 0x0000028ffee73100 Exception <a 'sun/nio/fs/WindowsException'{0x00000000eae7f788}> (0x00000000eae7f788) 
thrown [s\src\hotspot\share\prims\jni.cpp, line 516]
Event: 82697.647 Thread 0x0000028ffee73100 Exception <a 'sun/nio/fs/WindowsException'{0x00000000eab0f428}> (0x00000000eab0f428) 
thrown [s\src\hotspot\share\prims\jni.cpp, line 516]
Event: 82697.669 Thread 0x0000028ffdcf3080 Exception <a 'sun/nio/fs/WindowsException'{0x00000000eabb0c68}> (0x00000000eabb0c68) 
thrown [s\src\hotspot\share\prims\jni.cpp, line 516]
Event: 82697.782 Thread 0x0000028ffe2a7e00 Exception <a 'sun/nio/fs/WindowsException'{0x00000000eac58400}> (0x00000000eac58400) 
thrown [s\src\hotspot\share\prims\jni.cpp, line 516]
Event: 82697.822 Thread 0x0000028ffe2a7e00 Exception <a 'sun/nio/fs/WindowsException'{0x00000000eaca97a8}> (0x00000000eaca97a8) 
thrown [s\src\hotspot\share\prims\jni.cpp, line 516]
Event: 82698.893 Thread 0x0000028ffdcf3080 Exception <a 'sun/nio/fs/WindowsException'{0x00000000eacd5c60}> (0x00000000eacd5c60) 
thrown [s\src\hotspot\share\prims\jni.cpp, line 516]
Event: 82756.700 Thread 0x0000028ffdcf3080 Exception <a 'sun/nio/fs/WindowsException'{0x00000000eab47608}> (0x00000000eab47608) 
thrown [s\src\hotspot\share\prims\jni.cpp, line 516]
Event: 82757.816 Thread 0x0000028ffdcf3080 Exception <a 'sun/nio/fs/WindowsException'{0x00000000eaf91ec8}> (0x00000000eaf91ec8) 
thrown [s\src\hotspot\share\prims\jni.cpp, line 516]
Event: 82865.633 Thread 0x0000028ffd8b47e0 Exception <a 'java/lang/NoSuchMethodError'{0x00000000eab27a18}: static Lorg/eclipse/m2e/core/internal/lifecyclemapping/model/PluginExecutionMetadata;.<clinit>()V> (0x00000000eab27a18) 
thrown [s\src\hotspot\share\prims\jni.cpp, line 1107]
Event: 82865.663 Thread 0x0000028ffd8b47e0 Exception <a 'java/lang/NoSuchMethodError'{0x00000000eab4a890}: static Lorg/eclipse/m2e/core/internal/lifecyclemapping/model/PluginExecutionFilter;.<clinit>()V> (0x00000000eab4a890) 
thrown [s\src\hotspot\share\prims\jni.cpp, line 1107]
Event: 82865.672 Thread 0x0000028ffd8b47e0 Exception <a 'java/lang/NoSuchMethodError'{0x00000000eab7bab8}: static Lorg/eclipse/m2e/core/internal/project/registry/MavenProjectFacade$MavenProjectConfiguration;.<clinit>()V> (0x00000000eab7bab8) 
thrown [s\src\hotspot\share\prims\jni.cpp, line 1107]
Event: 82865.684 Thread 0x0000028ffd8b47e0 Exception <a 'java/lang/NoSuchMethodError'{0x00000000eab9cfc0}: static [J.<clinit>()V> (0x00000000eab9cfc0) 
thrown [s\src\hotspot\share\prims\jni.cpp, line 1107]
Event: 159204.426 Thread 0x0000028ffee73100 Exception <a 'sun/nio/fs/WindowsException'{0x00000000eaed67f8}> (0x00000000eaed67f8) 
thrown [s\src\hotspot\share\prims\jni.cpp, line 516]
Event: 159204.711 Thread 0x0000028ffee73100 Exception <a 'sun/nio/fs/WindowsException'{0x00000000eaf52ff0}> (0x00000000eaf52ff0) 
thrown [s\src\hotspot\share\prims\jni.cpp, line 516]
Event: 159205.436 Thread 0x0000028ffdcf3080 Exception <a 'sun/nio/fs/WindowsException'{0x00000000eafd1560}> (0x00000000eafd1560) 
thrown [s\src\hotspot\share\prims\jni.cpp, line 516]
Event: 159210.244 Thread 0x0000028ffdcf3080 Exception <a 'sun/nio/fs/WindowsException'{0x00000000eabfe5b0}> (0x00000000eabfe5b0) 
thrown [s\src\hotspot\share\prims\jni.cpp, line 516]
Event: 159211.080 Thread 0x0000028ffd8b47e0 Exception <a 'sun/nio/fs/WindowsException'{0x00000000ead47408}> (0x00000000ead47408) 
thrown [s\src\hotspot\share\prims\jni.cpp, line 516]
Event: 159228.662 Thread 0x0000028f8adf97e0 Exception <a 'java/lang/ArrayIndexOutOfBoundsException'{0x00000000eafdc1d8}: Index 1886 out of bounds for length 1885> (0x00000000eafdc1d8) 
thrown [s\src\hotspot\share\interpreter\interpreterRuntime.cpp, line 428]
Event: 159236.353 Thread 0x0000028f8adfab20 Exception <a 'java/lang/NoSuchMethodError'{0x00000000eb4994f8}: 'int java.lang.invoke.DirectMethodHandle$Holder.invokeSpecialIFC(java.lang.Object, java.lang.Object, java.lang.Object, java.lang.Object)'> (0x00000000eb4994f8) 
thrown [s\src\hotspot\share\interpreter\linkResolver.cpp, line 759]

VM Operations (20 events):
Event: 159234.186 Executing VM operation: HandshakeAllThreads
Event: 159234.189 Executing VM operation: HandshakeAllThreads done
Event: 159234.196 Executing VM operation: HandshakeAllThreads
Event: 159234.207 Executing VM operation: HandshakeAllThreads done
Event: 159234.210 Executing VM operation: HandshakeAllThreads
Event: 159234.222 Executing VM operation: HandshakeAllThreads done
Event: 159234.251 Executing VM operation: HandshakeAllThreads
Event: 159234.287 Executing VM operation: HandshakeAllThreads done
Event: 159234.303 Executing VM operation: HandshakeAllThreads
Event: 159234.600 Executing VM operation: HandshakeAllThreads done
Event: 159234.602 Executing VM operation: HandshakeAllThreads
Event: 159234.694 Executing VM operation: HandshakeAllThreads done
Event: 159234.704 Executing VM operation: HandshakeAllThreads
Event: 159234.704 Executing VM operation: HandshakeAllThreads done
Event: 159235.202 Executing VM operation: ParallelGCFailedAllocation
Event: 159235.216 Executing VM operation: ParallelGCFailedAllocation done
Event: 159235.240 Executing VM operation: HandshakeAllThreads
Event: 159235.241 Executing VM operation: HandshakeAllThreads done
Event: 159236.133 Executing VM operation: HandshakeAllThreads
Event: 159236.146 Executing VM operation: HandshakeAllThreads done

Events (20 events):
Event: 159236.232 Thread 0x0000028ffc2ea630 flushing nmethod 0x0000028fe7041310
Event: 159236.233 Thread 0x0000028ffc2ea630 flushing nmethod 0x0000028fe714d390
Event: 159236.235 Thread 0x0000028ffc2ea630 flushing nmethod 0x0000028fe7268d90
Event: 159236.237 Thread 0x0000028ffc2ea630 flushing nmethod 0x0000028fe737c810
Event: 159236.239 Thread 0x0000028ffc2ea630 flushing nmethod 0x0000028fe74c7e10
Event: 159236.239 Thread 0x0000028ffc2ea630 flushing nmethod 0x0000028fe74e6090
Event: 159236.243 Thread 0x0000028ffc2ea630 flushing nmethod 0x0000028fe76c5710
Event: 159236.243 Thread 0x0000028ffc2ea630 flushing nmethod 0x0000028fe76d4c10
Event: 159236.243 Thread 0x0000028ffc2ea630 flushing nmethod 0x0000028fe76e3a90
Event: 159236.245 Thread 0x0000028ffc2ea630 flushing nmethod 0x0000028fe77b8d10
Event: 159236.245 Thread 0x0000028ffc2ea630 flushing nmethod 0x0000028fe77b9810
Event: 159236.245 Thread 0x0000028ffc2ea630 flushing nmethod 0x0000028fe77ba410
Event: 159236.245 Thread 0x0000028ffc2ea630 flushing nmethod 0x0000028fe77bc490
Event: 159236.245 Thread 0x0000028ffc2ea630 flushing nmethod 0x0000028fe77d5810
Event: 159236.245 Thread 0x0000028ffc2ea630 flushing nmethod 0x0000028fe77db410
Event: 159236.245 Thread 0x0000028ffc2ea630 flushing nmethod 0x0000028fe7802110
Event: 159236.245 Thread 0x0000028ffc2ea630 flushing nmethod 0x0000028fe7804a90
Event: 159236.245 Thread 0x0000028ffc2ea630 flushing nmethod 0x0000028fe781f110
Event: 159236.246 Thread 0x0000028ffc2ea630 flushing nmethod 0x0000028fe785d410
Event: 159236.246 Thread 0x0000028ffc2ea630 flushing nmethod 0x0000028fe7881990


Dynamic libraries:
0x00007ff6929f0000 - 0x00007ff6929fe000 	c:\Users\SHRIRANG\.vscode\extensions\redhat.java-1.21.0-win32-x64\jre\17.0.7-win32-x86_64\bin\java.exe
0x00007ff910c70000 - 0x00007ff910e84000 	C:\WINDOWS\SYSTEM32\ntdll.dll
0x00007ff90f720000 - 0x00007ff90f7e4000 	C:\WINDOWS\System32\KERNEL32.DLL
0x00007ff90e0d0000 - 0x00007ff90e474000 	C:\WINDOWS\System32\KERNELBASE.dll
0x00007ff90e480000 - 0x00007ff90e591000 	C:\WINDOWS\System32\ucrtbase.dll
0x00007ff8dc6b0000 - 0x00007ff8dc6c7000 	c:\Users\SHRIRANG\.vscode\extensions\redhat.java-1.21.0-win32-x64\jre\17.0.7-win32-x86_64\bin\jli.dll
0x00007ff910540000 - 0x00007ff9106ea000 	C:\WINDOWS\System32\USER32.dll
0x00007ff90ea00000 - 0x00007ff90ea26000 	C:\WINDOWS\System32\win32u.dll
0x00007ff90fa60000 - 0x00007ff90fa89000 	C:\WINDOWS\System32\GDI32.dll
0x00007ff90e820000 - 0x00007ff90e939000 	C:\WINDOWS\System32\gdi32full.dll
0x00007ff90e780000 - 0x00007ff90e81a000 	C:\WINDOWS\System32\msvcp_win.dll
0x00007ff8c1290000 - 0x00007ff8c12a9000 	c:\Users\SHRIRANG\.vscode\extensions\redhat.java-1.21.0-win32-x64\jre\17.0.7-win32-x86_64\bin\VCRUNTIME140.dll
0x00007ff8eec70000 - 0x00007ff8eeeff000 	C:\WINDOWS\WinSxS\amd64_microsoft.windows.common-controls_6595b64144ccf1df_6.0.22621.2070_none_2713e6537381f706\COMCTL32.dll
0x00007ff90ea30000 - 0x00007ff90ead7000 	C:\WINDOWS\System32\msvcrt.dll
0x00007ff910750000 - 0x00007ff910781000 	C:\WINDOWS\System32\IMM32.DLL
0x00007ff908e10000 - 0x00007ff908e1c000 	c:\Users\SHRIRANG\.vscode\extensions\redhat.java-1.21.0-win32-x64\jre\17.0.7-win32-x86_64\bin\vcruntime140_1.dll
0x00007ff889c90000 - 0x00007ff889d21000 	c:\Users\SHRIRANG\.vscode\extensions\redhat.java-1.21.0-win32-x64\jre\17.0.7-win32-x86_64\bin\msvcp140.dll
0x00007ff885b90000 - 0x00007ff8867d8000 	c:\Users\SHRIRANG\.vscode\extensions\redhat.java-1.21.0-win32-x64\jre\17.0.7-win32-x86_64\bin\server\jvm.dll
0x00007ff910100000 - 0x00007ff9101b0000 	C:\WINDOWS\System32\ADVAPI32.dll
0x00007ff90f950000 - 0x00007ff90f9f6000 	C:\WINDOWS\System32\sechost.dll
0x00007ff90ebc0000 - 0x00007ff90ecd7000 	C:\WINDOWS\System32\RPCRT4.dll
0x00007ff8eda70000 - 0x00007ff8eda79000 	C:\WINDOWS\SYSTEM32\WSOCK32.dll
0x00007ff90fe60000 - 0x00007ff90fed1000 	C:\WINDOWS\System32\WS2_32.dll
0x00007ff9066b0000 - 0x00007ff9066e4000 	C:\WINDOWS\SYSTEM32\WINMM.dll
0x00007ff9049e0000 - 0x00007ff9049ea000 	C:\WINDOWS\SYSTEM32\VERSION.dll
0x00007ff90d000000 - 0x00007ff90d018000 	C:\WINDOWS\SYSTEM32\kernel.appcore.dll
0x00007ff907af0000 - 0x00007ff907afa000 	c:\Users\SHRIRANG\.vscode\extensions\redhat.java-1.21.0-win32-x64\jre\17.0.7-win32-x86_64\bin\jimage.dll
0x00007ff90b9d0000 - 0x00007ff90bbfe000 	C:\WINDOWS\SYSTEM32\DBGHELP.DLL
0x00007ff9101b0000 - 0x00007ff91053a000 	C:\WINDOWS\System32\combase.dll
0x00007ff90eae0000 - 0x00007ff90ebb7000 	C:\WINDOWS\System32\OLEAUT32.dll
0x00007ff8ff260000 - 0x00007ff8ff292000 	C:\WINDOWS\SYSTEM32\dbgcore.DLL
0x00007ff90e050000 - 0x00007ff90e0ca000 	C:\WINDOWS\System32\bcryptPrimitives.dll
0x00007ff9079e0000 - 0x00007ff9079ee000 	c:\Users\SHRIRANG\.vscode\extensions\redhat.java-1.21.0-win32-x64\jre\17.0.7-win32-x86_64\bin\instrument.dll
0x00007ff8b0d70000 - 0x00007ff8b0d95000 	c:\Users\SHRIRANG\.vscode\extensions\redhat.java-1.21.0-win32-x64\jre\17.0.7-win32-x86_64\bin\java.dll
0x00007ff8b96d0000 - 0x00007ff8b96e8000 	c:\Users\SHRIRANG\.vscode\extensions\redhat.java-1.21.0-win32-x64\jre\17.0.7-win32-x86_64\bin\zip.dll
0x00007ff90ef00000 - 0x00007ff90f716000 	C:\WINDOWS\System32\SHELL32.dll
0x00007ff90bf90000 - 0x00007ff90c87a000 	C:\WINDOWS\SYSTEM32\windows.storage.dll
0x00007ff90be50000 - 0x00007ff90bf8e000 	C:\WINDOWS\SYSTEM32\wintypes.dll
0x00007ff910000000 - 0x00007ff9100f3000 	C:\WINDOWS\System32\SHCORE.dll
0x00007ff90fa00000 - 0x00007ff90fa5e000 	C:\WINDOWS\System32\shlwapi.dll
0x00007ff90df80000 - 0x00007ff90dfa6000 	C:\WINDOWS\SYSTEM32\profapi.dll
0x00007ff8b93e0000 - 0x00007ff8b93f9000 	C:\Users\SHRIRANG\.vscode\extensions\redhat.java-1.21.0-win32-x64\jre\17.0.7-win32-x86_64\bin\net.dll
0x00007ff906570000 - 0x00007ff9066a7000 	C:\WINDOWS\SYSTEM32\WINHTTP.dll
0x00007ff90d4c0000 - 0x00007ff90d529000 	C:\WINDOWS\system32\mswsock.dll
0x00007ff890ab0000 - 0x00007ff890ac5000 	C:\Users\SHRIRANG\.vscode\extensions\redhat.java-1.21.0-win32-x64\jre\17.0.7-win32-x86_64\bin\nio.dll
0x00007ff8e69a0000 - 0x00007ff8e69b0000 	c:\Users\SHRIRANG\.vscode\extensions\redhat.java-1.21.0-win32-x64\jre\17.0.7-win32-x86_64\bin\verify.dll
0x00007ff8beaa0000 - 0x00007ff8beade000 	C:\Users\SHRIRANG\AppData\Roaming\Code\User\globalStorage\redhat.java\1.21.0\config_win\org.eclipse.equinox.launcher\org.eclipse.equinox.launcher.win32.win32.x86_64_1.2.700.v20221108-1024\eclipse_11801.dll
0x00007ff90ed60000 - 0x00007ff90eefc000 	C:\WINDOWS\System32\ole32.dll
0x00007ff90d760000 - 0x00007ff90d77b000 	C:\WINDOWS\SYSTEM32\CRYPTSP.dll
0x00007ff90cfc0000 - 0x00007ff90cff5000 	C:\WINDOWS\system32\rsaenh.dll
0x00007ff90d560000 - 0x00007ff90d58c000 	C:\WINDOWS\SYSTEM32\USERENV.dll
0x00007ff90d980000 - 0x00007ff90d9a8000 	C:\WINDOWS\SYSTEM32\bcrypt.dll
0x00007ff90d6c0000 - 0x00007ff90d6cc000 	C:\WINDOWS\SYSTEM32\CRYPTBASE.dll
0x00007ff90caa0000 - 0x00007ff90cacd000 	C:\WINDOWS\SYSTEM32\IPHLPAPI.DLL
0x00007ff90fa90000 - 0x00007ff90fa99000 	C:\WINDOWS\System32\NSI.dll
0x00007ff906080000 - 0x00007ff906099000 	C:\WINDOWS\SYSTEM32\dhcpcsvc6.DLL
0x00007ff906060000 - 0x00007ff90607f000 	C:\WINDOWS\SYSTEM32\dhcpcsvc.DLL
0x00007ff90cb00000 - 0x00007ff90cbf3000 	C:\WINDOWS\SYSTEM32\DNSAPI.dll
0x00007ff88b4e0000 - 0x00007ff88b525000 	C:\Users\SHRIRANG\AppData\Local\Temp\jna-517640564\jna6959804234679807400.dll
0x00007ff90fff0000 - 0x00007ff90fff8000 	C:\WINDOWS\System32\PSAPI.DLL

dbghelp: loaded successfully - version: 4.0.5 - missing functions: none
symbol engine: initialized successfully - sym options: 0x614 - pdb path: .;c:\Users\SHRIRANG\.vscode\extensions\redhat.java-1.21.0-win32-x64\jre\17.0.7-win32-x86_64\bin;C:\WINDOWS\SYSTEM32;C:\WINDOWS\WinSxS\amd64_microsoft.windows.common-controls_6595b64144ccf1df_6.0.22621.2070_none_2713e6537381f706;c:\Users\SHRIRANG\.vscode\extensions\redhat.java-1.21.0-win32-x64\jre\17.0.7-win32-x86_64\bin\server;C:\Users\SHRIRANG\AppData\Roaming\Code\User\globalStorage\redhat.java\1.21.0\config_win\org.eclipse.equinox.launcher\org.eclipse.equinox.launcher.win32.win32.x86_64_1.2.700.v20221108-1024;C:\Users\SHRIRANG\AppData\Local\Temp\jna-517640564

VM Arguments:
jvm_args: --add-modules=ALL-SYSTEM --add-opens=java.base/java.util=ALL-UNNAMED --add-opens=java.base/java.lang=ALL-UNNAMED --add-opens=java.base/sun.nio.fs=ALL-UNNAMED -Declipse.application=org.eclipse.jdt.ls.core.id1 -Dosgi.bundles.defaultStartLevel=4 -Declipse.product=org.eclipse.jdt.ls.core.product -Djava.import.generatesMetadataFilesAtProjectRoot=false -Dfile.encoding=utf8 -XX:+UseParallelGC -XX:GCTimeRatio=4 -XX:AdaptiveSizePolicyWeight=90 -Dsun.zip.disableMemoryMapping=true -Xmx1G -Xms100m -Xlog:disable -javaagent:c:\Users\SHRIRANG\.vscode\extensions\redhat.java-1.21.0-win32-x64\lombok\lombok-1.18.28.jar -XX:+HeapDumpOnOutOfMemoryError -XX:HeapDumpPath=c:\Users\SHRIRANG\AppData\Roaming\Code\User\workspaceStorage\2815c9bd9f28df013a757d31c8cc9289\redhat.java -Daether.dependencyCollector.impl=bf 
java_command: c:\Users\SHRIRANG\.vscode\extensions\redhat.java-1.21.0-win32-x64\server\plugins\org.eclipse.equinox.launcher_1.6.500.v20230717-2134.jar -configuration c:\Users\SHRIRANG\AppData\Roaming\Code\User\globalStorage\redhat.java\1.21.0\config_win -data c:\Users\SHRIRANG\AppData\Roaming\Code\User\workspaceStorage\2815c9bd9f28df013a757d31c8cc9289\redhat.java\jdt_ws
java_class_path (initial): c:\Users\SHRIRANG\.vscode\extensions\redhat.java-1.21.0-win32-x64\server\plugins\org.eclipse.equinox.launcher_1.6.500.v20230717-2134.jar
Launcher Type: SUN_STANDARD

[Global flags]
    uintx AdaptiveSizePolicyWeight                 = 90                                        {product} {command line}
     intx CICompilerCount                          = 4                                         {product} {ergonomic}
    uintx GCTimeRatio                              = 4                                         {product} {command line}
     bool HeapDumpOnOutOfMemoryError               = true                                   {manageable} {command line}
    ccstr HeapDumpPath                             = c:\Users\SHRIRANG\AppData\Roaming\Code\User\workspaceStorage\2815c9bd9f28df013a757d31c8cc9289\redhat.java         {manageable} {command line}
   size_t InitialHeapSize                          = 104857600                                 {product} {command line}
   size_t MaxHeapSize                              = 1073741824                                {product} {command line}
   size_t MaxNewSize                               = 357564416                                 {product} {ergonomic}
   size_t MinHeapDeltaBytes                        = 524288                                    {product} {ergonomic}
   size_t MinHeapSize                              = 104857600                                 {product} {command line}
   size_t NewSize                                  = 34603008                                  {product} {ergonomic}
    uintx NonNMethodCodeHeapSize                   = 5839372                                {pd product} {ergonomic}
    uintx NonProfiledCodeHeapSize                  = 122909434                              {pd product} {ergonomic}
   size_t OldSize                                  = 70254592                                  {product} {ergonomic}
    uintx ProfiledCodeHeapSize                     = 122909434                              {pd product} {ergonomic}
    uintx ReservedCodeCacheSize                    = 251658240                              {pd product} {ergonomic}
     bool SegmentedCodeCache                       = true                                      {product} {ergonomic}
   size_t SoftMaxHeapSize                          = 1073741824                             {manageable} {ergonomic}
     bool UseCompressedClassPointers               = true                           {product lp64_product} {ergonomic}
     bool UseCompressedOops                        = true                           {product lp64_product} {ergonomic}
     bool UseLargePagesIndividualAllocation        = false                                  {pd product} {ergonomic}
     bool UseParallelGC                            = true                                      {product} {command line}

Logging:
Log output configuration:
 #0: stdout all=off uptime,level,tags
 #1: stderr all=off uptime,level,tags

Environment Variables:
PATH=C:\Program Files (x86)\Common Files\Oracle\Java\javapath;C:\Program Files\Eclipse Adoptium\jdk-11.0.14.101-hotspot\bin;C:\Python310\Scripts\;C:\Python310\;C:\Python39\Scripts\;C:\Python39\;C:\Program Files (x86)\Intel\Intel(R) Management Engine Components\iCLS\;C:\Program Files\Intel\Intel(R) Management Engine Components\iCLS\;C:\windows\system32;C:\windows;C:\windows\System32\Wbem;C:\windows\System32\WindowsPowerShell\v1.0\;C:\windows\System32\OpenSSH\;C:\Program Files (x86)\Intel\Intel(R) Management Engine Components\DAL;C:\Program Files\Intel\Intel(R) Management Engine Components\DAL;C:\Program Files (x86)\Intel\Intel(R) Management Engine Components\IPT;C:\Program Files\Intel\Intel(R) Management Engine Components\IPT;C:\Program Files (x86)\NVIDIA Corporation\PhysX\Common;C:\WINDOWS\system32;C:\WINDOWS;C:\WINDOWS\System32\Wbem;C:\WINDOWS\System32\WindowsPowerShell\v1.0\;C:\WINDOWS\System32\OpenSSH\;C:\ProgramData\chocolatey\bin;C:\Program Files\Git\cmd;C:\Program Files\MongoDB\Server\5.0\bin;C:\Program Files\Java\jdk-11\bin;C:\Program Files\apache-maven-3.8.4\bin;C:\Program Files\nodejs\;C:\Program Files\Docker\Docker\resources\bin;C:\Users\SHRIRANG\AppData\Local\Programs\Python\Python311\Scripts\;C:\Users\SHRIRANG\AppData\Local\Programs\Python\Python311\;C:\Program Files\MySQL\MySQL Shell 8.0\bin\;C:\Users\SHRIRANG\AppData\Local\Microsoft\WindowsApps;C:\Program Files\JetBrains\IntelliJ IDEA Community Edition 2019.2.2\bin;C:\Users\SHRIRANG\AppData\Local\atom\bin;C:\Users\SHRIRANG\AppData\Local\Microsoft\WindowsApps;C:\Users\SHRIRANG\AppData\Local\Programs\Microsoft VS Code\bin;C:\Program Files\JetBrains\PyCharm 2021.1.2\bin;;C:\MinGW\bin;C:\Users\SHRIRANG\AppData\Roaming\npm;C:\Program Files\JetBrains\IntelliJ IDEA Community Edition 2023.2.1\bin;
USERNAME=SHRIRANG
OS=Windows_NT
PROCESSOR_IDENTIFIER=Intel64 Family 6 Model 158 Stepping 10, GenuineIntel
TMP=C:\Users\SHRIRANG\AppData\Local\Temp
TEMP=C:\Users\SHRIRANG\AppData\Local\Temp



---------------  S Y S T E M  ---------------

OS:
 Windows 11 , 64 bit Build 22621 (10.0.22621.2070)
OS uptime: 1 days 21:36 hours
Hyper-V role detected

CPU: total 8 (initial active 8) (4 cores per cpu, 2 threads per core) family 6 model 158 stepping 10 microcode 0xf0, cx8, cmov, fxsr, ht, mmx, 3dnowpref, sse, sse2, sse3, ssse3, sse4.1, sse4.2, popcnt, lzcnt, tsc, tscinvbit, avx, avx2, aes, erms, clmul, bmi1, bmi2, adx, fma, vzeroupper, clflush, clflushopt, hv

Memory: 4k page, system-wide physical 8000M (322M free)
TotalPageFile size 32576M (AvailPageFile size 0M)
current process WorkingSet (physical memory assigned to process): 259M, peak: 441M
current process commit charge ("private bytes"): 487M, peak: 530M

vm_info: OpenJDK 64-Bit Server VM (17.0.7+7) for windows-amd64 JRE (17.0.7+7), built on Apr 18 2023 22:10:42 by "temurin" with MS VC++ 16.7 (VS2019)

END.
