#
# There is insufficient memory for the Java Runtime Environment to continue.
# Native memory allocation (malloc) failed to allocate 2097152 bytes for AllocateHeap
# Possible reasons:
#   The system is out of physical RAM or swap space
#   The process is running with CompressedOops enabled, and the Java Heap may be blocking the growth of the native heap
# Possible solutions:
#   Reduce memory load on the system
#   Increase physical memory or swap space
#   Check if swap backing store is full
#   Decrease Java heap size (-Xmx/-Xms)
#   Decrease number of Java threads
#   Decrease Java thread stack sizes (-Xss)
#   Set larger code cache with -XX:ReservedCodeCacheSize=
#   JVM is running with Unscaled Compressed Oops mode in which the Java heap is
#     placed in the first 4GB address space. The Java Heap base address is the
#     maximum limit for the native heap growth. Please use -XX:HeapBaseMinAddress
#     to set the Java Heap base and to place the Java Heap above 4GB virtual address.
# This output file may be truncated or incomplete.
#
#  Out of Memory Error (allocation.cpp:44), pid=7304, tid=24596
#
# JRE version: OpenJDK Runtime Environment Temurin-17.0.7+7 (17.0.7+7) (build 17.0.7+7)
# Java VM: OpenJDK 64-Bit Server VM Temurin-17.0.7+7 (17.0.7+7, mixed mode, emulated-client, tiered, compressed oops, compressed class ptrs, g1 gc, windows-amd64)
# No core dump will be written. Minidumps are not enabled by default on client versions of Windows
#

---------------  S U M M A R Y ------------

Command Line: -XX:+HeapDumpOnOutOfMemoryError -Xmx1024m -Dsts.lsp.client=vscode -Dsts.log.file=/dev/null -XX:TieredStopAtLevel=1 -Xlog:jni+resolve=off -Dspring.config.location=file:c:\Users\SHRIRANG\.vscode\extensions\vmware.vscode-spring-boot-1.48.0\language-server\BOOT-INF\classes\application.properties org.springframework.ide.vscode.boot.app.BootLanguageServerBootApp

Host: Intel(R) Core(TM) i5-8300H CPU @ 2.30GHz, 8 cores, 7G,  Windows 11 , 64 bit Build 22621 (10.0.22621.2070)
Time: Tue Aug 29 17:50:15 2023 India Standard Time elapsed time: 26773.149048 seconds (0d 7h 26m 13s)

---------------  T H R E A D  ---------------

Current thread (0x000001a9612da410):  VMThread "VM Thread" [stack: 0x0000006053600000,0x0000006053700000] [id=24596]

Stack: [0x0000006053600000,0x0000006053700000]
Native frames: (J=compiled Java code, j=interpreted, Vv=VM code, C=native code)
V  [jvm.dll+0x67754a]
V  [jvm.dll+0x834304]
V  [jvm.dll+0x835aae]
V  [jvm.dll+0x836113]
V  [jvm.dll+0x24696f]
V  [jvm.dll+0xa681f]
V  [jvm.dll+0x2f7481]
V  [jvm.dll+0x2f30f0]
V  [jvm.dll+0x2db6c7]
V  [jvm.dll+0x31e777]
V  [jvm.dll+0x83a5bb]
V  [jvm.dll+0x83b2f4]
V  [jvm.dll+0x83b80c]
V  [jvm.dll+0x83bbe4]
V  [jvm.dll+0x83bcb0]
V  [jvm.dll+0x7e4e7a]
V  [jvm.dll+0x676395]
C  [ucrtbase.dll+0x29363]
C  [KERNEL32.DLL+0x126ad]
C  [ntdll.dll+0x5aa68]

VM_Operation (0x00000060550feb40): G1CollectFull, mode: safepoint, requested by thread 0x000001a96712c070


---------------  P R O C E S S  ---------------

Threads class SMR info:
_java_thread_list=0x000001a969633e30, length=28, elements={
0x000001a9612ef370, 0x000001a9612efe30, 0x000001a961438490, 0x000001a96143ae60,
0x000001a96131a3f0, 0x000001a96131acb0, 0x000001a96131b570, 0x000001a961322a60,
0x000001a9616389a0, 0x000001a96163f140, 0x000001a967166880, 0x000001a9670e84d0,
0x000001a96712c070, 0x000001a96730f5c0, 0x000001a956527600, 0x000001a967360e00,
0x000001a9673929d0, 0x000001a9673963e0, 0x000001a9675b5000, 0x000001a9675b6340,
0x000001a9675b4b30, 0x000001a9675b37f0, 0x000001a9675b9360, 0x000001a9675b1fe0,
0x000001a9675b84f0, 0x000001a9675b2e50, 0x000001a9675b59a0, 0x000001a967394230
}

Java Threads: ( => current thread )
  0x000001a9612ef370 JavaThread "Reference Handler" daemon [_thread_blocked, id=28624, stack(0x0000006053700000,0x0000006053800000)]
  0x000001a9612efe30 JavaThread "Finalizer" daemon [_thread_blocked, id=2696, stack(0x0000006053800000,0x0000006053900000)]
  0x000001a961438490 JavaThread "Signal Dispatcher" daemon [_thread_blocked, id=2600, stack(0x0000006053a00000,0x0000006053b00000)]
  0x000001a96143ae60 JavaThread "Attach Listener" daemon [_thread_blocked, id=4552, stack(0x0000006053b00000,0x0000006053c00000)]
  0x000001a96131a3f0 JavaThread "Service Thread" daemon [_thread_blocked, id=13792, stack(0x0000006053c00000,0x0000006053d00000)]
  0x000001a96131acb0 JavaThread "Monitor Deflation Thread" daemon [_thread_blocked, id=12932, stack(0x0000006053d00000,0x0000006053e00000)]
  0x000001a96131b570 JavaThread "C1 CompilerThread0" daemon [_thread_blocked, id=27144, stack(0x0000006053e00000,0x0000006053f00000)]
  0x000001a961322a60 JavaThread "Sweeper thread" daemon [_thread_blocked, id=20760, stack(0x0000006053f00000,0x0000006054000000)]
  0x000001a9616389a0 JavaThread "Notification Thread" daemon [_thread_blocked, id=14892, stack(0x0000006054100000,0x0000006054200000)]
  0x000001a96163f140 JavaThread "Common-Cleaner" daemon [_thread_blocked, id=28600, stack(0x0000006054400000,0x0000006054500000)]
  0x000001a967166880 JavaThread "boundedElastic-evictor-1" daemon [_thread_blocked, id=7412, stack(0x0000006054e00000,0x0000006054f00000)]
  0x000001a9670e84d0 JavaThread "boundedElastic-evictor-2" daemon [_thread_blocked, id=27384, stack(0x0000006054f00000,0x0000006055000000)]
  0x000001a96712c070 JavaThread "pool-11-thread-1" [_thread_blocked, id=16340, stack(0x0000006055000000,0x0000006055100000)]
  0x000001a96730f5c0 JavaThread "LanguageServerApp-lifecycle" [_thread_blocked, id=17568, stack(0x0000006055100000,0x0000006055200000)]
  0x000001a956527600 JavaThread "DestroyJavaVM" [_thread_blocked, id=14884, stack(0x0000006053000000,0x0000006053100000)]
  0x000001a967360e00 JavaThread "pool-12-thread-1" [_thread_in_native, id=13152, stack(0x0000006055200000,0x0000006055300000)]
  0x000001a9673929d0 JavaThread "Simple-Language-Server main thread" daemon [_thread_blocked, id=20340, stack(0x0000006055300000,0x0000006055400000)]
  0x000001a9673963e0 JavaThread "pool-7-thread-1" [_thread_blocked, id=23932, stack(0x0000006056300000,0x0000006056400000)]
  0x000001a9675b5000 JavaThread "parallel-1" daemon [_thread_blocked, id=1924, stack(0x0000006057300000,0x0000006057400000)]
  0x000001a9675b6340 JavaThread "pool-5-thread-1" [_thread_blocked, id=4180, stack(0x0000006057500000,0x0000006057600000)]
  0x000001a9675b4b30 JavaThread "parallel-2" daemon [_thread_blocked, id=10268, stack(0x0000006057600000,0x0000006057700000)]
  0x000001a9675b37f0 JavaThread "parallel-3" daemon [_thread_blocked, id=14776, stack(0x0000006057700000,0x0000006057800000)]
  0x000001a9675b9360 JavaThread "parallel-4" daemon [_thread_blocked, id=14252, stack(0x0000006057800000,0x0000006057900000)]
  0x000001a9675b1fe0 JavaThread "parallel-5" daemon [_thread_blocked, id=13632, stack(0x0000006057900000,0x0000006057a00000)]
  0x000001a9675b84f0 JavaThread "parallel-6" daemon [_thread_blocked, id=7820, stack(0x0000006057a00000,0x0000006057b00000)]
  0x000001a9675b2e50 JavaThread "parallel-7" daemon [_thread_blocked, id=21124, stack(0x0000006057b00000,0x0000006057c00000)]
  0x000001a9675b59a0 JavaThread "parallel-8" daemon [_thread_blocked, id=16076, stack(0x0000006057c00000,0x0000006057d00000)]
  0x000001a967394230 JavaThread "Reconciler-1" daemon [_thread_blocked, id=24096, stack(0x0000006054200000,0x0000006054300000)]

Other Threads:
=>0x000001a9612da410 VMThread "VM Thread" [stack: 0x0000006053600000,0x0000006053700000] [id=24596]
  0x000001a9565790d0 WatcherThread [stack: 0x0000006054300000,0x0000006054400000] [id=14640]
  0x000001a956565430 GCTaskThread "GC Thread#0" [stack: 0x0000006053100000,0x0000006053200000] [id=13868]
  0x000001a9667e0360 GCTaskThread "GC Thread#1" [stack: 0x0000006054500000,0x0000006054600000] [id=14796]
  0x000001a9667e0610 GCTaskThread "GC Thread#2" [stack: 0x0000006054600000,0x0000006054700000] [id=18780]
  0x000001a966855980 GCTaskThread "GC Thread#3" [stack: 0x0000006054700000,0x0000006054800000] [id=29468]
  0x000001a966a94400 GCTaskThread "GC Thread#4" [stack: 0x0000006054800000,0x0000006054900000] [id=16820]
  0x000001a966a946b0 GCTaskThread "GC Thread#5" [stack: 0x0000006054900000,0x0000006054a00000] [id=3140]
  0x000001a966a94960 GCTaskThread "GC Thread#6" [stack: 0x0000006054a00000,0x0000006054b00000] [id=16816]
  0x000001a966a94c10 GCTaskThread "GC Thread#7" [stack: 0x0000006054b00000,0x0000006054c00000] [id=2608]
  0x000001a95656e280 ConcurrentGCThread "G1 Main Marker" [stack: 0x0000006053200000,0x0000006053300000] [id=8456]
  0x000001a95656ed00 ConcurrentGCThread "G1 Conc#0" [stack: 0x0000006053300000,0x0000006053400000] [id=9688]
  0x000001a966c44d70 ConcurrentGCThread "G1 Conc#1" [stack: 0x0000006054d00000,0x0000006054e00000] [id=8332]
  0x000001a9565d60c0 ConcurrentGCThread "G1 Refine#0" [stack: 0x0000006053400000,0x0000006053500000] [id=25064]
  0x000001a967f000f0 ConcurrentGCThread "G1 Refine#1" [stack: 0x0000006057f00000,0x0000006058000000] [id=21876]
  0x000001a967a15c60 ConcurrentGCThread "G1 Refine#2" [stack: 0x0000006057000000,0x0000006057100000] [id=6428]
  0x000001a967eb6690 ConcurrentGCThread "G1 Refine#3" [stack: 0x0000006052e00000,0x0000006052f00000] [id=4036]
  0x000001a967eb60d0 ConcurrentGCThread "G1 Refine#4" [stack: 0x0000006055f00000,0x0000006056000000] [id=22928]
  0x000001a9565d6890 ConcurrentGCThread "G1 Service" [stack: 0x0000006053500000,0x0000006053600000] [id=20116]

Threads with active compile tasks:

VM state: at safepoint (normal execution)

VM Mutex/Monitor currently owned by a thread:  ([mutex/lock_event])
[0x000001a954342190] Threads_lock - owner thread: 0x000001a9612da410
[0x000001a9565239e0] Heap_lock - owner thread: 0x000001a96712c070

Heap address: 0x00000000c0000000, size: 1024 MB, Compressed Oops mode: 32-bit

CDS archive(s) not mapped
Compressed class space mapped at: 0x0000000100000000-0x0000000140000000, reserved size: 1073741824
Narrow klass base: 0x0000000000000000, Narrow klass shift: 3, Narrow klass range: 0x140000000

GC Precious Log:
 CPUs: 8 total, 8 available
 Memory: 8000M
 Large Page Support: Disabled
 NUMA Support: Disabled
 Compressed Oops: Enabled (32-bit)
 Heap Region Size: 1M
 Heap Min Capacity: 8M
 Heap Initial Capacity: 126M
 Heap Max Capacity: 1G
 Pre-touch: Disabled
 Parallel Workers: 8
 Concurrent Workers: 2
 Concurrent Refinement Workers: 8
 Periodic GC: Disabled

Heap:
 garbage-first heap   total 201728K, used 59305K [0x00000000c0000000, 0x0000000100000000)
  region size 1024K, 1 young (1024K), 0 survivors (0K)
 Metaspace       used 75428K, committed 76032K, reserved 1114112K
  class space    used 10327K, committed 10624K, reserved 1048576K

Heap Regions: E=young(eden), S=young(survivor), O=old, HS=humongous(starts), HC=humongous(continues), CS=collection set, F=free, OA=open archive, CA=closed archive, TAMS=top-at-mark-start (previous, next)
|   0|0x00000000c0000000, 0x00000000c00ffff8, 0x00000000c0100000| 99%| O|  |TAMS 0x00000000c00ffff8, 0x00000000c0000000| Untracked 
|   1|0x00000000c0100000, 0x00000000c01fffc8, 0x00000000c0200000| 99%| O|  |TAMS 0x00000000c01fffc8, 0x00000000c0100000| Untracked 
|   2|0x00000000c0200000, 0x00000000c0300000, 0x00000000c0300000|100%| O|  |TAMS 0x00000000c0300000, 0x00000000c0200000| Untracked 
|   3|0x00000000c0300000, 0x00000000c0400000, 0x00000000c0400000|100%| O|  |TAMS 0x00000000c0400000, 0x00000000c0300000| Untracked 
|   4|0x00000000c0400000, 0x00000000c0500000, 0x00000000c0500000|100%| O|  |TAMS 0x00000000c0500000, 0x00000000c0400000| Untracked 
|   5|0x00000000c0500000, 0x00000000c05ffff8, 0x00000000c0600000| 99%| O|  |TAMS 0x00000000c05ffff8, 0x00000000c0500000| Untracked 
|   6|0x00000000c0600000, 0x00000000c06fff50, 0x00000000c0700000| 99%| O|  |TAMS 0x00000000c06fff50, 0x00000000c0600000| Untracked 
|   7|0x00000000c0700000, 0x00000000c0800000, 0x00000000c0800000|100%| O|  |TAMS 0x00000000c0800000, 0x00000000c0700000| Untracked 
|   8|0x00000000c0800000, 0x00000000c0900000, 0x00000000c0900000|100%| O|  |TAMS 0x00000000c0900000, 0x00000000c0800000| Untracked 
|   9|0x00000000c0900000, 0x00000000c09fffe0, 0x00000000c0a00000| 99%| O|  |TAMS 0x00000000c09fffe0, 0x00000000c0900000| Untracked 
|  10|0x00000000c0a00000, 0x00000000c0affff0, 0x00000000c0b00000| 99%| O|  |TAMS 0x00000000c0affff0, 0x00000000c0a00000| Untracked 
|  11|0x00000000c0b00000, 0x00000000c0bffff8, 0x00000000c0c00000| 99%| O|  |TAMS 0x00000000c0bffff8, 0x00000000c0b00000| Untracked 
|  12|0x00000000c0c00000, 0x00000000c0cfffe8, 0x00000000c0d00000| 99%| O|  |TAMS 0x00000000c0cfffe8, 0x00000000c0c00000| Untracked 
|  13|0x00000000c0d00000, 0x00000000c0dfffe8, 0x00000000c0e00000| 99%| O|  |TAMS 0x00000000c0dfffe8, 0x00000000c0d00000| Untracked 
|  14|0x00000000c0e00000, 0x00000000c0efffc8, 0x00000000c0f00000| 99%| O|  |TAMS 0x00000000c0efffc8, 0x00000000c0e00000| Untracked 
|  15|0x00000000c0f00000, 0x00000000c0ffffe0, 0x00000000c1000000| 99%| O|  |TAMS 0x00000000c0ffffe0, 0x00000000c0f00000| Untracked 
|  16|0x00000000c1000000, 0x00000000c10ffff8, 0x00000000c1100000| 99%| O|  |TAMS 0x00000000c10ffff8, 0x00000000c1000000| Untracked 
|  17|0x00000000c1100000, 0x00000000c11ffff0, 0x00000000c1200000| 99%| O|  |TAMS 0x00000000c11ffff0, 0x00000000c1100000| Untracked 
|  18|0x00000000c1200000, 0x00000000c12fffe8, 0x00000000c1300000| 99%| O|  |TAMS 0x00000000c12fffe8, 0x00000000c1200000| Untracked 
|  19|0x00000000c1300000, 0x00000000c13fffd8, 0x00000000c1400000| 99%| O|  |TAMS 0x00000000c13fffd8, 0x00000000c1300000| Untracked 
|  20|0x00000000c1400000, 0x00000000c1500000, 0x00000000c1500000|100%| O|  |TAMS 0x00000000c1500000, 0x00000000c1400000| Untracked 
|  21|0x00000000c1500000, 0x00000000c15ffff0, 0x00000000c1600000| 99%| O|  |TAMS 0x00000000c15ffff0, 0x00000000c1500000| Untracked 
|  22|0x00000000c1600000, 0x00000000c16fffe0, 0x00000000c1700000| 99%| O|  |TAMS 0x00000000c16fffe0, 0x00000000c1600000| Untracked 
|  23|0x00000000c1700000, 0x00000000c1800000, 0x00000000c1800000|100%| O|  |TAMS 0x00000000c1800000, 0x00000000c1700000| Untracked 
|  24|0x00000000c1800000, 0x00000000c18fff48, 0x00000000c1900000| 99%| O|  |TAMS 0x00000000c18fff48, 0x00000000c1800000| Untracked 
|  25|0x00000000c1900000, 0x00000000c19fffc8, 0x00000000c1a00000| 99%| O|  |TAMS 0x00000000c19fffc8, 0x00000000c1900000| Untracked 
|  26|0x00000000c1a00000, 0x00000000c1afe930, 0x00000000c1b00000| 99%| O|  |TAMS 0x00000000c1afe930, 0x00000000c1a00000| Untracked 
|  27|0x00000000c1b00000, 0x00000000c1bffff8, 0x00000000c1c00000| 99%| O|  |TAMS 0x00000000c1bffff8, 0x00000000c1b00000| Untracked 
|  28|0x00000000c1c00000, 0x00000000c1cfffe0, 0x00000000c1d00000| 99%| O|  |TAMS 0x00000000c1cfffe0, 0x00000000c1c00000| Untracked 
|  29|0x00000000c1d00000, 0x00000000c1dfffe8, 0x00000000c1e00000| 99%| O|  |TAMS 0x00000000c1dfffe8, 0x00000000c1d00000| Untracked 
|  30|0x00000000c1e00000, 0x00000000c1f00000, 0x00000000c1f00000|100%| O|  |TAMS 0x00000000c1f00000, 0x00000000c1e00000| Untracked 
|  31|0x00000000c1f00000, 0x00000000c1ffffd8, 0x00000000c2000000| 99%| O|  |TAMS 0x00000000c1ffffd8, 0x00000000c1f00000| Untracked 
|  32|0x00000000c2000000, 0x00000000c20fffd0, 0x00000000c2100000| 99%| O|  |TAMS 0x00000000c20fffd0, 0x00000000c2000000| Untracked 
|  33|0x00000000c2100000, 0x00000000c2200000, 0x00000000c2200000|100%| O|  |TAMS 0x00000000c2200000, 0x00000000c2100000| Untracked 
|  34|0x00000000c2200000, 0x00000000c22ffff8, 0x00000000c2300000| 99%| O|  |TAMS 0x00000000c22ffff8, 0x00000000c2200000| Untracked 
|  35|0x00000000c2300000, 0x00000000c23ffff8, 0x00000000c2400000| 99%| O|  |TAMS 0x00000000c23ffff8, 0x00000000c2300000| Untracked 
|  36|0x00000000c2400000, 0x00000000c24fffd8, 0x00000000c2500000| 99%| O|  |TAMS 0x00000000c24fffd8, 0x00000000c2400000| Untracked 
|  37|0x00000000c2500000, 0x00000000c25ffff0, 0x00000000c2600000| 99%| O|  |TAMS 0x00000000c25ffff0, 0x00000000c2500000| Untracked 
|  38|0x00000000c2600000, 0x00000000c26f8d40, 0x00000000c2700000| 97%| O|  |TAMS 0x00000000c26f8d40, 0x00000000c2600000| Untracked 
|  39|0x00000000c2700000, 0x00000000c2800000, 0x00000000c2800000|100%| O|  |TAMS 0x00000000c2800000, 0x00000000c2700000| Untracked 
|  40|0x00000000c2800000, 0x00000000c28fffd0, 0x00000000c2900000| 99%| O|  |TAMS 0x00000000c28fffd0, 0x00000000c2800000| Untracked 
|  41|0x00000000c2900000, 0x00000000c29ffcc0, 0x00000000c2a00000| 99%| O|  |TAMS 0x00000000c29ffcc0, 0x00000000c2900000| Untracked 
|  42|0x00000000c2a00000, 0x00000000c2b00000, 0x00000000c2b00000|100%| O|  |TAMS 0x00000000c2b00000, 0x00000000c2a00000| Untracked 
|  43|0x00000000c2b00000, 0x00000000c2bfffd0, 0x00000000c2c00000| 99%| O|  |TAMS 0x00000000c2bfffd0, 0x00000000c2b00000| Untracked 
|  44|0x00000000c2c00000, 0x00000000c2ce3c48, 0x00000000c2d00000| 88%| O|  |TAMS 0x00000000c2c00000, 0x00000000c2c00000| Untracked 
|  45|0x00000000c2d00000, 0x00000000c2dfffb8, 0x00000000c2e00000| 99%| O|  |TAMS 0x00000000c2dfffb8, 0x00000000c2d00000| Untracked 
|  46|0x00000000c2e00000, 0x00000000c2efffc8, 0x00000000c2f00000| 99%| O|  |TAMS 0x00000000c2efffc8, 0x00000000c2e00000| Untracked 
|  47|0x00000000c2f00000, 0x00000000c2ffdf48, 0x00000000c3000000| 99%| O|  |TAMS 0x00000000c2ffdf48, 0x00000000c2f00000| Untracked 
|  48|0x00000000c3000000, 0x00000000c3100000, 0x00000000c3100000|100%| O|  |TAMS 0x00000000c3100000, 0x00000000c3000000| Untracked 
|  49|0x00000000c3100000, 0x00000000c31fffa8, 0x00000000c3200000| 99%| O|  |TAMS 0x00000000c31fffa8, 0x00000000c3100000| Untracked 
|  50|0x00000000c3200000, 0x00000000c32ffff0, 0x00000000c3300000| 99%| O|  |TAMS 0x00000000c32ffff0, 0x00000000c3200000| Untracked 
|  51|0x00000000c3300000, 0x00000000c33ffff8, 0x00000000c3400000| 99%| O|  |TAMS 0x00000000c33ffff8, 0x00000000c3300000| Untracked 
|  52|0x00000000c3400000, 0x00000000c34fffd0, 0x00000000c3500000| 99%| O|  |TAMS 0x00000000c34fffd0, 0x00000000c3400000| Untracked 
|  53|0x00000000c3500000, 0x00000000c35fffe8, 0x00000000c3600000| 99%| O|  |TAMS 0x00000000c35fffe8, 0x00000000c3500000| Untracked 
|  54|0x00000000c3600000, 0x00000000c36fffd8, 0x00000000c3700000| 99%| O|  |TAMS 0x00000000c36fffd8, 0x00000000c3600000| Untracked 
|  55|0x00000000c3700000, 0x00000000c3711ce0, 0x00000000c3800000|  6%| O|  |TAMS 0x00000000c3700000, 0x00000000c3700000| Untracked 
|  56|0x00000000c3800000, 0x00000000c38ffff0, 0x00000000c3900000| 99%| O|  |TAMS 0x00000000c38ffff0, 0x00000000c3800000| Untracked 
|  57|0x00000000c3900000, 0x00000000c3900088, 0x00000000c3a00000|  0%| O|  |TAMS 0x00000000c3900000, 0x00000000c3900000| Untracked 
|  58|0x00000000c3a00000, 0x00000000c3a00000, 0x00000000c3b00000|  0%| F|  |TAMS 0x00000000c3a00000, 0x00000000c3a00000| Untracked 
|  59|0x00000000c3b00000, 0x00000000c3b00000, 0x00000000c3c00000|  0%| F|  |TAMS 0x00000000c3b00000, 0x00000000c3b00000| Untracked 
|  60|0x00000000c3c00000, 0x00000000c3c00000, 0x00000000c3d00000|  0%| F|  |TAMS 0x00000000c3c00000, 0x00000000c3c00000| Untracked 
|  61|0x00000000c3d00000, 0x00000000c3d00000, 0x00000000c3e00000|  0%| F|  |TAMS 0x00000000c3d00000, 0x00000000c3d00000| Untracked 
|  62|0x00000000c3e00000, 0x00000000c3efffd0, 0x00000000c3f00000| 99%| O|  |TAMS 0x00000000c3efffd0, 0x00000000c3e00000| Untracked 
|  63|0x00000000c3f00000, 0x00000000c3f00000, 0x00000000c4000000|  0%| F|  |TAMS 0x00000000c3f00000, 0x00000000c3f00000| Untracked 
|  64|0x00000000c4000000, 0x00000000c4000000, 0x00000000c4100000|  0%| F|  |TAMS 0x00000000c4000000, 0x00000000c4000000| Untracked 
|  65|0x00000000c4100000, 0x00000000c4100000, 0x00000000c4200000|  0%| F|  |TAMS 0x00000000c4100000, 0x00000000c4100000| Untracked 
|  66|0x00000000c4200000, 0x00000000c4200000, 0x00000000c4300000|  0%| F|  |TAMS 0x00000000c4200000, 0x00000000c4200000| Untracked 
|  67|0x00000000c4300000, 0x00000000c4300000, 0x00000000c4400000|  0%| F|  |TAMS 0x00000000c4300000, 0x00000000c4300000| Untracked 
|  68|0x00000000c4400000, 0x00000000c4400000, 0x00000000c4500000|  0%| F|  |TAMS 0x00000000c4400000, 0x00000000c4400000| Untracked 
|  69|0x00000000c4500000, 0x00000000c4500000, 0x00000000c4600000|  0%| F|  |TAMS 0x00000000c4500000, 0x00000000c4500000| Untracked 
|  70|0x00000000c4600000, 0x00000000c4600000, 0x00000000c4700000|  0%| F|  |TAMS 0x00000000c4600000, 0x00000000c4600000| Untracked 
|  71|0x00000000c4700000, 0x00000000c47ffff0, 0x00000000c4800000| 99%| O|  |TAMS 0x00000000c47ffff0, 0x00000000c4700000| Untracked 
|  72|0x00000000c4800000, 0x00000000c4800000, 0x00000000c4900000|  0%| F|  |TAMS 0x00000000c4800000, 0x00000000c4800000| Untracked 
|  73|0x00000000c4900000, 0x00000000c4900000, 0x00000000c4a00000|  0%| F|  |TAMS 0x00000000c4900000, 0x00000000c4900000| Untracked 
|  74|0x00000000c4a00000, 0x00000000c4a00000, 0x00000000c4b00000|  0%| F|  |TAMS 0x00000000c4a00000, 0x00000000c4a00000| Untracked 
|  75|0x00000000c4b00000, 0x00000000c4b00000, 0x00000000c4c00000|  0%| F|  |TAMS 0x00000000c4b00000, 0x00000000c4b00000| Untracked 
|  76|0x00000000c4c00000, 0x00000000c4c00000, 0x00000000c4d00000|  0%| F|  |TAMS 0x00000000c4c00000, 0x00000000c4c00000| Untracked 
|  77|0x00000000c4d00000, 0x00000000c4d00000, 0x00000000c4e00000|  0%| F|  |TAMS 0x00000000c4d00000, 0x00000000c4d00000| Untracked 
|  78|0x00000000c4e00000, 0x00000000c4e00000, 0x00000000c4f00000|  0%| F|  |TAMS 0x00000000c4e00000, 0x00000000c4e00000| Untracked 
|  79|0x00000000c4f00000, 0x00000000c4f00000, 0x00000000c5000000|  0%| F|  |TAMS 0x00000000c4f00000, 0x00000000c4f00000| Untracked 
|  80|0x00000000c5000000, 0x00000000c5000000, 0x00000000c5100000|  0%| F|  |TAMS 0x00000000c5000000, 0x00000000c5000000| Untracked 
|  81|0x00000000c5100000, 0x00000000c5100000, 0x00000000c5200000|  0%| F|  |TAMS 0x00000000c5100000, 0x00000000c5100000| Untracked 
|  82|0x00000000c5200000, 0x00000000c5200000, 0x00000000c5300000|  0%| F|  |TAMS 0x00000000c5200000, 0x00000000c5200000| Untracked 
|  83|0x00000000c5300000, 0x00000000c5300000, 0x00000000c5400000|  0%| F|  |TAMS 0x00000000c5300000, 0x00000000c5300000| Untracked 
|  84|0x00000000c5400000, 0x00000000c5400000, 0x00000000c5500000|  0%| F|  |TAMS 0x00000000c5400000, 0x00000000c5400000| Untracked 
|  85|0x00000000c5500000, 0x00000000c5500000, 0x00000000c5600000|  0%| F|  |TAMS 0x00000000c5500000, 0x00000000c5500000| Untracked 
|  86|0x00000000c5600000, 0x00000000c5600000, 0x00000000c5700000|  0%| F|  |TAMS 0x00000000c5600000, 0x00000000c5600000| Untracked 
|  87|0x00000000c5700000, 0x00000000c5700000, 0x00000000c5800000|  0%| F|  |TAMS 0x00000000c5700000, 0x00000000c5700000| Untracked 
|  88|0x00000000c5800000, 0x00000000c5800000, 0x00000000c5900000|  0%| F|  |TAMS 0x00000000c5800000, 0x00000000c5800000| Untracked 
|  89|0x00000000c5900000, 0x00000000c5900000, 0x00000000c5a00000|  0%| F|  |TAMS 0x00000000c5900000, 0x00000000c5900000| Untracked 
|  90|0x00000000c5a00000, 0x00000000c5a00000, 0x00000000c5b00000|  0%| F|  |TAMS 0x00000000c5a00000, 0x00000000c5a00000| Untracked 
|  91|0x00000000c5b00000, 0x00000000c5b00000, 0x00000000c5c00000|  0%| F|  |TAMS 0x00000000c5b00000, 0x00000000c5b00000| Untracked 
|  92|0x00000000c5c00000, 0x00000000c5c00000, 0x00000000c5d00000|  0%| F|  |TAMS 0x00000000c5c00000, 0x00000000c5c00000| Untracked 
|  93|0x00000000c5d00000, 0x00000000c5d00000, 0x00000000c5e00000|  0%| F|  |TAMS 0x00000000c5d00000, 0x00000000c5d00000| Untracked 
|  94|0x00000000c5e00000, 0x00000000c5e00000, 0x00000000c5f00000|  0%| F|  |TAMS 0x00000000c5e00000, 0x00000000c5e00000| Untracked 
|  95|0x00000000c5f00000, 0x00000000c5f00000, 0x00000000c6000000|  0%| F|  |TAMS 0x00000000c5f00000, 0x00000000c5f00000| Untracked 
|  96|0x00000000c6000000, 0x00000000c6000000, 0x00000000c6100000|  0%| F|  |TAMS 0x00000000c6000000, 0x00000000c6000000| Untracked 
|  97|0x00000000c6100000, 0x00000000c6100000, 0x00000000c6200000|  0%| F|  |TAMS 0x00000000c6100000, 0x00000000c6100000| Untracked 
|  98|0x00000000c6200000, 0x00000000c6200000, 0x00000000c6300000|  0%| F|  |TAMS 0x00000000c6200000, 0x00000000c6200000| Untracked 
|  99|0x00000000c6300000, 0x00000000c6300000, 0x00000000c6400000|  0%| F|  |TAMS 0x00000000c6300000, 0x00000000c6300000| Untracked 
| 100|0x00000000c6400000, 0x00000000c6400000, 0x00000000c6500000|  0%| F|  |TAMS 0x00000000c6400000, 0x00000000c6400000| Untracked 
| 101|0x00000000c6500000, 0x00000000c6500000, 0x00000000c6600000|  0%| F|  |TAMS 0x00000000c6500000, 0x00000000c6500000| Untracked 
| 102|0x00000000c6600000, 0x00000000c6600000, 0x00000000c6700000|  0%| F|  |TAMS 0x00000000c6600000, 0x00000000c6600000| Untracked 
| 103|0x00000000c6700000, 0x00000000c6700000, 0x00000000c6800000|  0%| F|  |TAMS 0x00000000c6700000, 0x00000000c6700000| Untracked 
| 104|0x00000000c6800000, 0x00000000c6800000, 0x00000000c6900000|  0%| F|  |TAMS 0x00000000c6800000, 0x00000000c6800000| Untracked 
| 105|0x00000000c6900000, 0x00000000c6900000, 0x00000000c6a00000|  0%| F|  |TAMS 0x00000000c6900000, 0x00000000c6900000| Untracked 
| 106|0x00000000c6a00000, 0x00000000c6a00000, 0x00000000c6b00000|  0%| F|  |TAMS 0x00000000c6a00000, 0x00000000c6a00000| Untracked 
| 107|0x00000000c6b00000, 0x00000000c6b00000, 0x00000000c6c00000|  0%| F|  |TAMS 0x00000000c6b00000, 0x00000000c6b00000| Untracked 
| 108|0x00000000c6c00000, 0x00000000c6c00000, 0x00000000c6d00000|  0%| F|  |TAMS 0x00000000c6c00000, 0x00000000c6c00000| Untracked 
| 109|0x00000000c6d00000, 0x00000000c6d00000, 0x00000000c6e00000|  0%| F|  |TAMS 0x00000000c6d00000, 0x00000000c6d00000| Untracked 
| 110|0x00000000c6e00000, 0x00000000c6e00000, 0x00000000c6f00000|  0%| F|  |TAMS 0x00000000c6e00000, 0x00000000c6e00000| Untracked 
| 111|0x00000000c6f00000, 0x00000000c6f00000, 0x00000000c7000000|  0%| F|  |TAMS 0x00000000c6f00000, 0x00000000c6f00000| Untracked 
| 112|0x00000000c7000000, 0x00000000c7000000, 0x00000000c7100000|  0%| F|  |TAMS 0x00000000c7000000, 0x00000000c7000000| Untracked 
| 113|0x00000000c7100000, 0x00000000c7100000, 0x00000000c7200000|  0%| F|  |TAMS 0x00000000c7100000, 0x00000000c7100000| Untracked 
| 114|0x00000000c7200000, 0x00000000c7200000, 0x00000000c7300000|  0%| F|  |TAMS 0x00000000c7200000, 0x00000000c7200000| Untracked 
| 115|0x00000000c7300000, 0x00000000c7300000, 0x00000000c7400000|  0%| F|  |TAMS 0x00000000c7300000, 0x00000000c7300000| Untracked 
| 116|0x00000000c7400000, 0x00000000c7400000, 0x00000000c7500000|  0%| F|  |TAMS 0x00000000c7400000, 0x00000000c7400000| Untracked 
| 117|0x00000000c7500000, 0x00000000c7500000, 0x00000000c7600000|  0%| F|  |TAMS 0x00000000c7500000, 0x00000000c7500000| Untracked 
| 118|0x00000000c7600000, 0x00000000c7600000, 0x00000000c7700000|  0%| F|  |TAMS 0x00000000c7600000, 0x00000000c7600000| Untracked 
| 119|0x00000000c7700000, 0x00000000c7700000, 0x00000000c7800000|  0%| F|  |TAMS 0x00000000c7700000, 0x00000000c7700000| Untracked 
| 120|0x00000000c7800000, 0x00000000c7800000, 0x00000000c7900000|  0%| F|  |TAMS 0x00000000c7800000, 0x00000000c7800000| Untracked 
| 121|0x00000000c7900000, 0x00000000c7900000, 0x00000000c7a00000|  0%| F|  |TAMS 0x00000000c7900000, 0x00000000c7900000| Untracked 
| 122|0x00000000c7a00000, 0x00000000c7a00000, 0x00000000c7b00000|  0%| F|  |TAMS 0x00000000c7a00000, 0x00000000c7a00000| Untracked 
| 123|0x00000000c7b00000, 0x00000000c7b00000, 0x00000000c7c00000|  0%| F|  |TAMS 0x00000000c7b00000, 0x00000000c7b00000| Untracked 
| 124|0x00000000c7c00000, 0x00000000c7c00000, 0x00000000c7d00000|  0%| F|  |TAMS 0x00000000c7c00000, 0x00000000c7c00000| Untracked 
| 125|0x00000000c7d00000, 0x00000000c7d00000, 0x00000000c7e00000|  0%| F|  |TAMS 0x00000000c7d00000, 0x00000000c7d00000| Untracked 
| 126|0x00000000c7e00000, 0x00000000c7e00000, 0x00000000c7f00000|  0%| F|  |TAMS 0x00000000c7e00000, 0x00000000c7e00000| Untracked 
| 127|0x00000000c7f00000, 0x00000000c7f00000, 0x00000000c8000000|  0%| F|  |TAMS 0x00000000c7f00000, 0x00000000c7f00000| Untracked 
| 128|0x00000000c8000000, 0x00000000c8000000, 0x00000000c8100000|  0%| F|  |TAMS 0x00000000c8000000, 0x00000000c8000000| Untracked 
| 129|0x00000000c8100000, 0x00000000c8100000, 0x00000000c8200000|  0%| F|  |TAMS 0x00000000c8100000, 0x00000000c8100000| Untracked 
| 130|0x00000000c8200000, 0x00000000c8200000, 0x00000000c8300000|  0%| F|  |TAMS 0x00000000c8200000, 0x00000000c8200000| Untracked 
| 131|0x00000000c8300000, 0x00000000c8300000, 0x00000000c8400000|  0%| F|  |TAMS 0x00000000c8300000, 0x00000000c8300000| Untracked 
| 132|0x00000000c8400000, 0x00000000c8400000, 0x00000000c8500000|  0%| F|  |TAMS 0x00000000c8400000, 0x00000000c8400000| Untracked 
| 133|0x00000000c8500000, 0x00000000c8500000, 0x00000000c8600000|  0%| F|  |TAMS 0x00000000c8500000, 0x00000000c8500000| Untracked 
| 134|0x00000000c8600000, 0x00000000c8600000, 0x00000000c8700000|  0%| F|  |TAMS 0x00000000c8600000, 0x00000000c8600000| Untracked 
| 135|0x00000000c8700000, 0x00000000c8700000, 0x00000000c8800000|  0%| F|  |TAMS 0x00000000c8700000, 0x00000000c8700000| Untracked 
| 136|0x00000000c8800000, 0x00000000c8800000, 0x00000000c8900000|  0%| F|  |TAMS 0x00000000c8800000, 0x00000000c8800000| Untracked 
| 137|0x00000000c8900000, 0x00000000c8900000, 0x00000000c8a00000|  0%| F|  |TAMS 0x00000000c8900000, 0x00000000c8900000| Untracked 
| 138|0x00000000c8a00000, 0x00000000c8a00000, 0x00000000c8b00000|  0%| F|  |TAMS 0x00000000c8a00000, 0x00000000c8a00000| Untracked 
| 139|0x00000000c8b00000, 0x00000000c8b00000, 0x00000000c8c00000|  0%| F|  |TAMS 0x00000000c8b00000, 0x00000000c8b00000| Untracked 
| 140|0x00000000c8c00000, 0x00000000c8c00000, 0x00000000c8d00000|  0%| F|  |TAMS 0x00000000c8c00000, 0x00000000c8c00000| Untracked 
| 141|0x00000000c8d00000, 0x00000000c8d00000, 0x00000000c8e00000|  0%| F|  |TAMS 0x00000000c8d00000, 0x00000000c8d00000| Untracked 
| 142|0x00000000c8e00000, 0x00000000c8e00000, 0x00000000c8f00000|  0%| F|  |TAMS 0x00000000c8e00000, 0x00000000c8e00000| Untracked 
| 143|0x00000000c8f00000, 0x00000000c8f00000, 0x00000000c9000000|  0%| F|  |TAMS 0x00000000c8f00000, 0x00000000c8f00000| Untracked 
| 144|0x00000000c9000000, 0x00000000c9000000, 0x00000000c9100000|  0%| F|  |TAMS 0x00000000c9000000, 0x00000000c9000000| Untracked 
| 145|0x00000000c9100000, 0x00000000c9100000, 0x00000000c9200000|  0%| F|  |TAMS 0x00000000c9100000, 0x00000000c9100000| Untracked 
| 146|0x00000000c9200000, 0x00000000c9200000, 0x00000000c9300000|  0%| F|  |TAMS 0x00000000c9200000, 0x00000000c9200000| Untracked 
| 147|0x00000000c9300000, 0x00000000c9300000, 0x00000000c9400000|  0%| F|  |TAMS 0x00000000c9300000, 0x00000000c9300000| Untracked 
| 148|0x00000000c9400000, 0x00000000c9400000, 0x00000000c9500000|  0%| F|  |TAMS 0x00000000c9400000, 0x00000000c9400000| Untracked 
| 149|0x00000000c9500000, 0x00000000c9500000, 0x00000000c9600000|  0%| F|  |TAMS 0x00000000c9500000, 0x00000000c9500000| Untracked 
| 150|0x00000000c9600000, 0x00000000c9600000, 0x00000000c9700000|  0%| F|  |TAMS 0x00000000c9600000, 0x00000000c9600000| Untracked 
| 151|0x00000000c9700000, 0x00000000c9700000, 0x00000000c9800000|  0%| F|  |TAMS 0x00000000c9700000, 0x00000000c9700000| Untracked 
| 152|0x00000000c9800000, 0x00000000c9800000, 0x00000000c9900000|  0%| F|  |TAMS 0x00000000c9800000, 0x00000000c9800000| Untracked 
| 153|0x00000000c9900000, 0x00000000c9900000, 0x00000000c9a00000|  0%| F|  |TAMS 0x00000000c9900000, 0x00000000c9900000| Untracked 
| 154|0x00000000c9a00000, 0x00000000c9a00000, 0x00000000c9b00000|  0%| F|  |TAMS 0x00000000c9a00000, 0x00000000c9a00000| Untracked 
| 155|0x00000000c9b00000, 0x00000000c9b00000, 0x00000000c9c00000|  0%| F|  |TAMS 0x00000000c9b00000, 0x00000000c9b00000| Untracked 
| 156|0x00000000c9c00000, 0x00000000c9c00000, 0x00000000c9d00000|  0%| F|  |TAMS 0x00000000c9c00000, 0x00000000c9c00000| Untracked 
| 157|0x00000000c9d00000, 0x00000000c9d00000, 0x00000000c9e00000|  0%| F|  |TAMS 0x00000000c9d00000, 0x00000000c9d00000| Untracked 
| 158|0x00000000c9e00000, 0x00000000c9e00000, 0x00000000c9f00000|  0%| F|  |TAMS 0x00000000c9e00000, 0x00000000c9e00000| Untracked 
| 159|0x00000000c9f00000, 0x00000000c9f00000, 0x00000000ca000000|  0%| F|  |TAMS 0x00000000c9f00000, 0x00000000c9f00000| Untracked 
| 160|0x00000000ca000000, 0x00000000ca000000, 0x00000000ca100000|  0%| F|  |TAMS 0x00000000ca000000, 0x00000000ca000000| Untracked 
| 161|0x00000000ca100000, 0x00000000ca100000, 0x00000000ca200000|  0%| F|  |TAMS 0x00000000ca100000, 0x00000000ca100000| Untracked 
| 162|0x00000000ca200000, 0x00000000ca200000, 0x00000000ca300000|  0%| F|  |TAMS 0x00000000ca200000, 0x00000000ca200000| Untracked 
| 163|0x00000000ca300000, 0x00000000ca300000, 0x00000000ca400000|  0%| F|  |TAMS 0x00000000ca300000, 0x00000000ca300000| Untracked 
| 164|0x00000000ca400000, 0x00000000ca400000, 0x00000000ca500000|  0%| F|  |TAMS 0x00000000ca400000, 0x00000000ca400000| Untracked 
| 165|0x00000000ca500000, 0x00000000ca500000, 0x00000000ca600000|  0%| F|  |TAMS 0x00000000ca500000, 0x00000000ca500000| Untracked 
| 166|0x00000000ca600000, 0x00000000ca600000, 0x00000000ca700000|  0%| F|  |TAMS 0x00000000ca600000, 0x00000000ca600000| Untracked 
| 167|0x00000000ca700000, 0x00000000ca700000, 0x00000000ca800000|  0%| F|  |TAMS 0x00000000ca700000, 0x00000000ca700000| Untracked 
| 168|0x00000000ca800000, 0x00000000ca800000, 0x00000000ca900000|  0%| F|  |TAMS 0x00000000ca800000, 0x00000000ca800000| Untracked 
| 169|0x00000000ca900000, 0x00000000ca900000, 0x00000000caa00000|  0%| F|  |TAMS 0x00000000ca900000, 0x00000000ca900000| Untracked 
| 170|0x00000000caa00000, 0x00000000caa00000, 0x00000000cab00000|  0%| F|  |TAMS 0x00000000caa00000, 0x00000000caa00000| Untracked 
| 171|0x00000000cab00000, 0x00000000cab00000, 0x00000000cac00000|  0%| F|  |TAMS 0x00000000cab00000, 0x00000000cab00000| Untracked 
| 172|0x00000000cac00000, 0x00000000cac00000, 0x00000000cad00000|  0%| F|  |TAMS 0x00000000cac00000, 0x00000000cac00000| Untracked 
| 173|0x00000000cad00000, 0x00000000cad00000, 0x00000000cae00000|  0%| F|  |TAMS 0x00000000cad00000, 0x00000000cad00000| Untracked 
| 174|0x00000000cae00000, 0x00000000cae00000, 0x00000000caf00000|  0%| F|  |TAMS 0x00000000cae00000, 0x00000000cae00000| Untracked 
| 175|0x00000000caf00000, 0x00000000caf00000, 0x00000000cb000000|  0%| F|  |TAMS 0x00000000caf00000, 0x00000000caf00000| Untracked 
| 176|0x00000000cb000000, 0x00000000cb000000, 0x00000000cb100000|  0%| F|  |TAMS 0x00000000cb000000, 0x00000000cb000000| Untracked 
| 177|0x00000000cb100000, 0x00000000cb100000, 0x00000000cb200000|  0%| F|  |TAMS 0x00000000cb100000, 0x00000000cb100000| Untracked 
| 178|0x00000000cb200000, 0x00000000cb200000, 0x00000000cb300000|  0%| F|  |TAMS 0x00000000cb200000, 0x00000000cb200000| Untracked 
| 179|0x00000000cb300000, 0x00000000cb300000, 0x00000000cb400000|  0%| F|  |TAMS 0x00000000cb300000, 0x00000000cb300000| Untracked 
| 180|0x00000000cb400000, 0x00000000cb400000, 0x00000000cb500000|  0%| F|  |TAMS 0x00000000cb400000, 0x00000000cb400000| Untracked 
| 181|0x00000000cb500000, 0x00000000cb500000, 0x00000000cb600000|  0%| F|  |TAMS 0x00000000cb500000, 0x00000000cb500000| Untracked 
| 182|0x00000000cb600000, 0x00000000cb600000, 0x00000000cb700000|  0%| F|  |TAMS 0x00000000cb600000, 0x00000000cb600000| Untracked 
| 183|0x00000000cb700000, 0x00000000cb700000, 0x00000000cb800000|  0%| F|  |TAMS 0x00000000cb700000, 0x00000000cb700000| Untracked 
| 184|0x00000000cb800000, 0x00000000cb800000, 0x00000000cb900000|  0%| F|  |TAMS 0x00000000cb800000, 0x00000000cb800000| Untracked 
| 185|0x00000000cb900000, 0x00000000cb900000, 0x00000000cba00000|  0%| F|  |TAMS 0x00000000cb900000, 0x00000000cb900000| Untracked 
| 186|0x00000000cba00000, 0x00000000cba00000, 0x00000000cbb00000|  0%| F|  |TAMS 0x00000000cba00000, 0x00000000cba00000| Untracked 
| 187|0x00000000cbb00000, 0x00000000cbb00000, 0x00000000cbc00000|  0%| F|  |TAMS 0x00000000cbb00000, 0x00000000cbb00000| Untracked 
| 188|0x00000000cbc00000, 0x00000000cbc00000, 0x00000000cbd00000|  0%| F|  |TAMS 0x00000000cbc00000, 0x00000000cbc00000| Untracked 
| 189|0x00000000cbd00000, 0x00000000cbd00000, 0x00000000cbe00000|  0%| F|  |TAMS 0x00000000cbd00000, 0x00000000cbd00000| Untracked 
| 190|0x00000000cbe00000, 0x00000000cbe00000, 0x00000000cbf00000|  0%| F|  |TAMS 0x00000000cbe00000, 0x00000000cbe00000| Untracked 
| 191|0x00000000cbf00000, 0x00000000cbf00000, 0x00000000cc000000|  0%| F|  |TAMS 0x00000000cbf00000, 0x00000000cbf00000| Untracked 
| 192|0x00000000cc000000, 0x00000000cc000000, 0x00000000cc100000|  0%| F|  |TAMS 0x00000000cc000000, 0x00000000cc000000| Untracked 
| 193|0x00000000cc100000, 0x00000000cc100000, 0x00000000cc200000|  0%| F|  |TAMS 0x00000000cc100000, 0x00000000cc100000| Untracked 
| 194|0x00000000cc200000, 0x00000000cc200000, 0x00000000cc300000|  0%| F|  |TAMS 0x00000000cc200000, 0x00000000cc200000| Untracked 
| 195|0x00000000cc300000, 0x00000000cc300000, 0x00000000cc400000|  0%| F|  |TAMS 0x00000000cc300000, 0x00000000cc300000| Untracked 
| 196|0x00000000cc400000, 0x00000000cc406908, 0x00000000cc500000|  2%| E|  |TAMS 0x00000000cc400000, 0x00000000cc400000| Complete 

Card table byte_map: [0x000001a95c4b0000,0x000001a95c6b0000] _byte_map_base: 0x000001a95beb0000

Marking Bits (Prev, Next): (CMBitMap*) 0x000001a956565950, (CMBitMap*) 0x000001a956565990
 Prev Bits: [0x000001a95c8b0000, 0x000001a95d8b0000)
 Next Bits: [0x000001a95d8b0000, 0x000001a95e8b0000)

Polling page: 0x000001a954480000

Metaspace:

Usage:
  Non-class:     63.58 MB used.
      Class:     10.09 MB used.
       Both:     73.66 MB used.

Virtual space:
  Non-class space:       64.00 MB reserved,      63.88 MB (>99%) committed,  1 nodes.
      Class space:        1.00 GB reserved,      10.38 MB (  1%) committed,  1 nodes.
             Both:        1.06 GB reserved,      74.25 MB (  7%) committed. 

Chunk freelists:
   Non-Class:  138.00 KB
       Class:  5.64 MB
        Both:  5.77 MB

MaxMetaspaceSize: unlimited
CompressedClassSpaceSize: 1.00 GB
Initial GC threshold: 21.00 MB
Current GC threshold: 123.75 MB
CDS: off
MetaspaceReclaimPolicy: balanced
 - commit_granule_bytes: 65536.
 - commit_granule_words: 8192.
 - virtual_space_node_default_size: 8388608.
 - enlarge_chunks_in_place: 1.
 - new_chunks_are_fully_committed: 0.
 - uncommit_free_chunks: 1.
 - use_allocation_guard: 0.
 - handle_deallocations: 1.


Internal statistics:

num_allocs_failed_limit: 8.
num_arena_births: 860.
num_arena_deaths: 292.
num_vsnodes_births: 2.
num_vsnodes_deaths: 0.
num_space_committed: 1188.
num_space_uncommitted: 0.
num_chunks_returned_to_freelist: 363.
num_chunks_taken_from_freelist: 3440.
num_chunk_merges: 108.
num_chunk_splits: 2362.
num_chunks_enlarged: 1780.
num_inconsistent_stats: 0.

CodeCache: size=49152Kb used=23331Kb max_used=23895Kb free=25820Kb
 bounds [0x000001a9591a0000, 0x000001a95a980000, 0x000001a95c1a0000]
 total_blobs=13423 nmethods=12728 adapters=621
 compilation: enabled
              stopped_count=0, restarted_count=0
 full_count=0

Compilation events (20 events):
Event: 26304.361 Thread 0x000001a966e6cec0 12919       1       com.sun.tools.javac.tree.JCTree$JCClassDecl::getTypeParameters (5 bytes)
Event: 26304.361 Thread 0x000001a966e6cec0 nmethod 12919 0x000001a95a8bf110 code [0x000001a95a8bf2a0, 0x000001a95a8bf378]
Event: 26304.363 Thread 0x000001a96131b570 12921       1       org.openrewrite.java.JavaPrinter::<init> (5 bytes)
Event: 26304.364 Thread 0x000001a96131b570 nmethod 12921 0x000001a95a8bee10 code [0x000001a95a8befa0, 0x000001a95a8bf088]
Event: 26304.371 Thread 0x000001a96131b570 12922       1       java.lang.invoke.Invokers$Holder::linkToTargetMethod (10 bytes)
Event: 26304.371 Thread 0x000001a96131b570 nmethod 12922 0x000001a95a8bea90 code [0x000001a95a8bec40, 0x000001a95a8bed58]
Event: 26304.371 Thread 0x000001a966e6cec0 12923       1       org.openrewrite.java.spring.boot2.search.EntityIdForRepositoryVisitor::findAnnotation (64 bytes)
Event: 26304.372 Thread 0x000001a96131b570 12924       1       ch.qos.logback.core.util.CachingDateFormatter$CacheTuple::<init> (15 bytes)
Event: 26304.372 Thread 0x000001a966e6cec0 nmethod 12923 0x000001a95a8be390 code [0x000001a95a8be580, 0x000001a95a8be878]
Event: 26304.372 Thread 0x000001a96131b570 nmethod 12924 0x000001a95a8be090 code [0x000001a95a8be220, 0x000001a95a8be338]
Event: 26304.372 Thread 0x000001a96131b570 12925       1       org.eclipse.lsp4j.Position::setCharacter (6 bytes)
Event: 26304.372 Thread 0x000001a966e6cec0 12926       1       org.eclipse.lsp4j.Position::setLine (6 bytes)
Event: 26304.373 Thread 0x000001a96131b570 nmethod 12925 0x000001a95a8bdd90 code [0x000001a95a8bdf20, 0x000001a95a8bdff8]
Event: 26304.373 Thread 0x000001a966e6cec0 nmethod 12926 0x000001a95a8bda90 code [0x000001a95a8bdc20, 0x000001a95a8bdcf8]
Event: 26304.373 Thread 0x000001a96131b570 12927       1       org.eclipse.lsp4j.CodeAction::setKind (6 bytes)
Event: 26304.373 Thread 0x000001a966e6cec0 12928       1       org.eclipse.lsp4j.CodeAction::setCommand (6 bytes)
Event: 26304.373 Thread 0x000001a96131b570 nmethod 12927 0x000001a95a8bd790 code [0x000001a95a8bd920, 0x000001a95a8bda38]
Event: 26304.373 Thread 0x000001a96131b570 12929       1       org.eclipse.lsp4j.Position::hashCode (25 bytes)
Event: 26304.373 Thread 0x000001a966e6cec0 nmethod 12928 0x000001a95a8bd490 code [0x000001a95a8bd620, 0x000001a95a8bd738]
Event: 26304.373 Thread 0x000001a96131b570 nmethod 12929 0x000001a95a8bd190 code [0x000001a95a8bd320, 0x000001a95a8bd3f8]

GC Heap History (20 events):
Event: 26668.219 GC heap before
{Heap before GC invocations=2836 (full 2540):
 garbage-first heap   total 201728K, used 59305K [0x00000000c0000000, 0x0000000100000000)
  region size 1024K, 1 young (1024K), 0 survivors (0K)
 Metaspace       used 75428K, committed 76032K, reserved 1114112K
  class space    used 10327K, committed 10624K, reserved 1048576K
}
Event: 26668.284 GC heap after
{Heap after GC invocations=2837 (full 2541):
 garbage-first heap   total 201728K, used 59305K [0x00000000c0000000, 0x0000000100000000)
  region size 1024K, 0 young (0K), 0 survivors (0K)
 Metaspace       used 75428K, committed 76032K, reserved 1114112K
  class space    used 10327K, committed 10624K, reserved 1048576K
}
Event: 26678.559 GC heap before
{Heap before GC invocations=2837 (full 2541):
 garbage-first heap   total 201728K, used 59305K [0x00000000c0000000, 0x0000000100000000)
  region size 1024K, 1 young (1024K), 0 survivors (0K)
 Metaspace       used 75428K, committed 76032K, reserved 1114112K
  class space    used 10327K, committed 10624K, reserved 1048576K
}
Event: 26678.635 GC heap after
{Heap after GC invocations=2838 (full 2542):
 garbage-first heap   total 201728K, used 59305K [0x00000000c0000000, 0x0000000100000000)
  region size 1024K, 0 young (0K), 0 survivors (0K)
 Metaspace       used 75428K, committed 76032K, reserved 1114112K
  class space    used 10327K, committed 10624K, reserved 1048576K
}
Event: 26689.178 GC heap before
{Heap before GC invocations=2838 (full 2542):
 garbage-first heap   total 201728K, used 59305K [0x00000000c0000000, 0x0000000100000000)
  region size 1024K, 1 young (1024K), 0 survivors (0K)
 Metaspace       used 75428K, committed 76032K, reserved 1114112K
  class space    used 10327K, committed 10624K, reserved 1048576K
}
Event: 26689.281 GC heap after
{Heap after GC invocations=2839 (full 2543):
 garbage-first heap   total 201728K, used 59305K [0x00000000c0000000, 0x0000000100000000)
  region size 1024K, 0 young (0K), 0 survivors (0K)
 Metaspace       used 75428K, committed 76032K, reserved 1114112K
  class space    used 10327K, committed 10624K, reserved 1048576K
}
Event: 26699.516 GC heap before
{Heap before GC invocations=2839 (full 2543):
 garbage-first heap   total 201728K, used 59305K [0x00000000c0000000, 0x0000000100000000)
  region size 1024K, 1 young (1024K), 0 survivors (0K)
 Metaspace       used 75428K, committed 76032K, reserved 1114112K
  class space    used 10327K, committed 10624K, reserved 1048576K
}
Event: 26699.586 GC heap after
{Heap after GC invocations=2840 (full 2544):
 garbage-first heap   total 201728K, used 59305K [0x00000000c0000000, 0x0000000100000000)
  region size 1024K, 0 young (0K), 0 survivors (0K)
 Metaspace       used 75428K, committed 76032K, reserved 1114112K
  class space    used 10327K, committed 10624K, reserved 1048576K
}
Event: 26709.826 GC heap before
{Heap before GC invocations=2840 (full 2544):
 garbage-first heap   total 201728K, used 59305K [0x00000000c0000000, 0x0000000100000000)
  region size 1024K, 1 young (1024K), 0 survivors (0K)
 Metaspace       used 75428K, committed 76032K, reserved 1114112K
  class space    used 10327K, committed 10624K, reserved 1048576K
}
Event: 26709.894 GC heap after
{Heap after GC invocations=2841 (full 2545):
 garbage-first heap   total 201728K, used 59305K [0x00000000c0000000, 0x0000000100000000)
  region size 1024K, 0 young (0K), 0 survivors (0K)
 Metaspace       used 75428K, committed 76032K, reserved 1114112K
  class space    used 10327K, committed 10624K, reserved 1048576K
}
Event: 26720.187 GC heap before
{Heap before GC invocations=2841 (full 2545):
 garbage-first heap   total 201728K, used 59305K [0x00000000c0000000, 0x0000000100000000)
  region size 1024K, 1 young (1024K), 0 survivors (0K)
 Metaspace       used 75428K, committed 76032K, reserved 1114112K
  class space    used 10327K, committed 10624K, reserved 1048576K
}
Event: 26720.279 GC heap after
{Heap after GC invocations=2842 (full 2546):
 garbage-first heap   total 201728K, used 59305K [0x00000000c0000000, 0x0000000100000000)
  region size 1024K, 0 young (0K), 0 survivors (0K)
 Metaspace       used 75428K, committed 76032K, reserved 1114112K
  class space    used 10327K, committed 10624K, reserved 1048576K
}
Event: 26730.727 GC heap before
{Heap before GC invocations=2842 (full 2546):
 garbage-first heap   total 201728K, used 59305K [0x00000000c0000000, 0x0000000100000000)
  region size 1024K, 1 young (1024K), 0 survivors (0K)
 Metaspace       used 75428K, committed 76032K, reserved 1114112K
  class space    used 10327K, committed 10624K, reserved 1048576K
}
Event: 26730.842 GC heap after
{Heap after GC invocations=2843 (full 2547):
 garbage-first heap   total 201728K, used 59305K [0x00000000c0000000, 0x0000000100000000)
  region size 1024K, 0 young (0K), 0 survivors (0K)
 Metaspace       used 75428K, committed 76032K, reserved 1114112K
  class space    used 10327K, committed 10624K, reserved 1048576K
}
Event: 26741.225 GC heap before
{Heap before GC invocations=2843 (full 2547):
 garbage-first heap   total 201728K, used 59305K [0x00000000c0000000, 0x0000000100000000)
  region size 1024K, 1 young (1024K), 0 survivors (0K)
 Metaspace       used 75428K, committed 76032K, reserved 1114112K
  class space    used 10327K, committed 10624K, reserved 1048576K
}
Event: 26741.319 GC heap after
{Heap after GC invocations=2844 (full 2548):
 garbage-first heap   total 201728K, used 59305K [0x00000000c0000000, 0x0000000100000000)
  region size 1024K, 0 young (0K), 0 survivors (0K)
 Metaspace       used 75428K, committed 76032K, reserved 1114112K
  class space    used 10327K, committed 10624K, reserved 1048576K
}
Event: 26751.715 GC heap before
{Heap before GC invocations=2844 (full 2548):
 garbage-first heap   total 201728K, used 59305K [0x00000000c0000000, 0x0000000100000000)
  region size 1024K, 1 young (1024K), 0 survivors (0K)
 Metaspace       used 75428K, committed 76032K, reserved 1114112K
  class space    used 10327K, committed 10624K, reserved 1048576K
}
Event: 26751.806 GC heap after
{Heap after GC invocations=2845 (full 2549):
 garbage-first heap   total 201728K, used 59305K [0x00000000c0000000, 0x0000000100000000)
  region size 1024K, 0 young (0K), 0 survivors (0K)
 Metaspace       used 75428K, committed 76032K, reserved 1114112K
  class space    used 10327K, committed 10624K, reserved 1048576K
}
Event: 26762.923 GC heap before
{Heap before GC invocations=2845 (full 2549):
 garbage-first heap   total 201728K, used 59305K [0x00000000c0000000, 0x0000000100000000)
  region size 1024K, 1 young (1024K), 0 survivors (0K)
 Metaspace       used 75428K, committed 76032K, reserved 1114112K
  class space    used 10327K, committed 10624K, reserved 1048576K
}
Event: 26763.041 GC heap after
{Heap after GC invocations=2846 (full 2550):
 garbage-first heap   total 201728K, used 59305K [0x00000000c0000000, 0x0000000100000000)
  region size 1024K, 0 young (0K), 0 survivors (0K)
 Metaspace       used 75428K, committed 76032K, reserved 1114112K
  class space    used 10327K, committed 10624K, reserved 1048576K
}

Dll operation events (10 events):
Event: 0.058 Loaded shared library c:\Users\SHRIRANG\.vscode\extensions\redhat.java-1.21.0-win32-x64\jre\17.0.7-win32-x86_64\bin\java.dll
Event: 2.020 Loaded shared library C:\Users\SHRIRANG\.vscode\extensions\redhat.java-1.21.0-win32-x64\jre\17.0.7-win32-x86_64\bin\net.dll
Event: 2.028 Loaded shared library C:\Users\SHRIRANG\.vscode\extensions\redhat.java-1.21.0-win32-x64\jre\17.0.7-win32-x86_64\bin\nio.dll
Event: 2.049 Loaded shared library C:\Users\SHRIRANG\.vscode\extensions\redhat.java-1.21.0-win32-x64\jre\17.0.7-win32-x86_64\bin\zip.dll
Event: 3.159 Loaded shared library C:\Users\SHRIRANG\.vscode\extensions\redhat.java-1.21.0-win32-x64\jre\17.0.7-win32-x86_64\bin\jimage.dll
Event: 10.617 Loaded shared library C:\Users\SHRIRANG\.vscode\extensions\redhat.java-1.21.0-win32-x64\jre\17.0.7-win32-x86_64\bin\management.dll
Event: 10.625 Loaded shared library C:\Users\SHRIRANG\.vscode\extensions\redhat.java-1.21.0-win32-x64\jre\17.0.7-win32-x86_64\bin\management_ext.dll
Event: 14.594 Loaded shared library C:\Users\SHRIRANG\.vscode\extensions\redhat.java-1.21.0-win32-x64\jre\17.0.7-win32-x86_64\bin\sunmscapi.dll
Event: 85.492 Loaded shared library c:\Users\SHRIRANG\.vscode\extensions\redhat.java-1.21.0-win32-x64\jre\17.0.7-win32-x86_64\bin\verify.dll
Event: 104.852 Loaded shared library C:\Users\SHRIRANG\AppData\Local\Temp\snappy-1.1.10-8d6e2d6f-cc41-4b68-8dd4-d0691c9610fa-snappyjava.dll

Deoptimization events (20 events):
Event: 119.299 Thread 0x000001a967394230 DEOPT PACKING pc=0x000001a95992039c sp=0x00000060542fea30
Event: 119.299 Thread 0x000001a967394230 DEOPT UNPACKING pc=0x000001a9591f7143 sp=0x00000060542fde88 mode 0
Event: 129.539 Thread 0x000001a967395f10 DEOPT PACKING pc=0x000001a95a22d9c4 sp=0x00000060540fb660
Event: 129.539 Thread 0x000001a967395f10 DEOPT UNPACKING pc=0x000001a9591f7143 sp=0x00000060540faa40 mode 0
Event: 26257.792 Thread 0x000001a9675b6340 DEOPT PACKING pc=0x000001a95a6ab94f sp=0x00000060575fd920
Event: 26257.792 Thread 0x000001a9675b6340 DEOPT UNPACKING pc=0x000001a9591f7143 sp=0x00000060575fce10 mode 3
Event: 26258.660 Thread 0x000001a9675b6340 DEOPT PACKING pc=0x000001a959ade30c sp=0x00000060575fe030
Event: 26258.660 Thread 0x000001a9675b6340 DEOPT UNPACKING pc=0x000001a9591f7143 sp=0x00000060575fd598 mode 0
Event: 26258.660 Thread 0x000001a9675b6340 DEOPT PACKING pc=0x000001a959af1f4c sp=0x00000060575fe160
Event: 26258.660 Thread 0x000001a9675b6340 DEOPT UNPACKING pc=0x000001a9591f7143 sp=0x00000060575fd640 mode 0
Event: 26258.660 Thread 0x000001a9675b6340 DEOPT PACKING pc=0x000001a959ade30c sp=0x00000060575fe290
Event: 26258.660 Thread 0x000001a9675b6340 DEOPT UNPACKING pc=0x000001a9591f7143 sp=0x00000060575fd7f8 mode 0
Event: 26258.662 Thread 0x000001a9675b6340 DEOPT PACKING pc=0x000001a959af1f4c sp=0x00000060575fe3c0
Event: 26258.662 Thread 0x000001a9675b6340 DEOPT UNPACKING pc=0x000001a9591f7143 sp=0x00000060575fd8b8 mode 0
Event: 26258.768 Thread 0x000001a9675b6340 DEOPT PACKING pc=0x000001a959ade30c sp=0x00000060575fe730
Event: 26258.768 Thread 0x000001a9675b6340 DEOPT UNPACKING pc=0x000001a9591f7143 sp=0x00000060575fdc98 mode 0
Event: 26258.768 Thread 0x000001a9675b6340 DEOPT PACKING pc=0x000001a959af1f4c sp=0x00000060575fe860
Event: 26258.768 Thread 0x000001a9675b6340 DEOPT UNPACKING pc=0x000001a9591f7143 sp=0x00000060575fdd58 mode 0
Event: 26259.864 Thread 0x000001a9673968b0 DEOPT PACKING pc=0x000001a959994924 sp=0x0000006052ffec30
Event: 26259.864 Thread 0x000001a9673968b0 DEOPT UNPACKING pc=0x000001a9591f7143 sp=0x0000006052ffe118 mode 0

Classes unloaded (20 events):
Event: 351.748 Thread 0x000001a9612da410 Unloading class 0x0000000100088400 'java/lang/invoke/LambdaForm$MH+0x0000000100088400'
Event: 396.212 Thread 0x000001a9612da410 Unloading class 0x000000010062c000 'jdk/internal/reflect/GeneratedMethodAccessor28'
Event: 26418.708 Thread 0x000001a9612da410 Unloading class 0x0000000100582800 'java/lang/invoke/LambdaForm$MH+0x0000000100582800'
Event: 26418.708 Thread 0x000001a9612da410 Unloading class 0x0000000100583000 'java/lang/invoke/LambdaForm$MH+0x0000000100583000'
Event: 26418.708 Thread 0x000001a9612da410 Unloading class 0x0000000100594400 'java/lang/invoke/LambdaForm$MH+0x0000000100594400'
Event: 26418.708 Thread 0x000001a9612da410 Unloading class 0x0000000100594800 'java/lang/invoke/LambdaForm$MH+0x0000000100594800'
Event: 26418.709 Thread 0x000001a9612da410 Unloading class 0x0000000100834000 'java/lang/invoke/LambdaForm$MH+0x0000000100834000'
Event: 26418.709 Thread 0x000001a9612da410 Unloading class 0x000000010083a000 'java/lang/invoke/LambdaForm$MH+0x000000010083a000'
Event: 26418.709 Thread 0x000001a9612da410 Unloading class 0x0000000100088c00 'java/lang/invoke/LambdaForm$MH+0x0000000100088c00'
Event: 26418.709 Thread 0x000001a9612da410 Unloading class 0x0000000100089400 'java/lang/invoke/LambdaForm$MH+0x0000000100089400'
Event: 26418.709 Thread 0x000001a9612da410 Unloading class 0x000000010008a400 'java/lang/invoke/LambdaForm$MH+0x000000010008a400'
Event: 26418.709 Thread 0x000001a9612da410 Unloading class 0x000000010008b800 'java/lang/invoke/LambdaForm$MH+0x000000010008b800'
Event: 26418.709 Thread 0x000001a9612da410 Unloading class 0x0000000100090400 'java/lang/invoke/LambdaForm$MH+0x0000000100090400'
Event: 26418.710 Thread 0x000001a9612da410 Unloading class 0x0000000100092000 'java/lang/invoke/LambdaForm$MH+0x0000000100092000'
Event: 26418.710 Thread 0x000001a9612da410 Unloading class 0x00000001003ac800 'java/lang/invoke/LambdaForm$MH+0x00000001003ac800'
Event: 26418.710 Thread 0x000001a9612da410 Unloading class 0x0000000100088400 'java/lang/invoke/LambdaForm$MH+0x0000000100088400'
Event: 26418.710 Thread 0x000001a9612da410 Unloading class 0x0000000100554c00 'java/lang/invoke/LambdaForm$MH+0x0000000100554c00'
Event: 26418.710 Thread 0x000001a9612da410 Unloading class 0x0000000100555c00 'java/lang/invoke/LambdaForm$MH+0x0000000100555c00'
Event: 26418.710 Thread 0x000001a9612da410 Unloading class 0x000000010062c000 'java/lang/invoke/LambdaForm$MH+0x000000010062c000'
Event: 26460.609 Thread 0x000001a9612da410 Unloading class 0x0000000100558800 'jdk/internal/reflect/GeneratedMethodAccessor54'

Classes redefined (0 events):
No events

Internal exceptions (20 events):
Event: 26304.331 Thread 0x000001a967397bf0 Exception <a 'sun/nio/fs/WindowsException'{0x00000000fb778800}> (0x00000000fb778800) 
thrown [s\src\hotspot\share\prims\jni.cpp, line 516]
Event: 26304.331 Thread 0x000001a967397bf0 Exception <a 'sun/nio/fs/WindowsException'{0x00000000fb778b80}> (0x00000000fb778b80) 
thrown [s\src\hotspot\share\prims\jni.cpp, line 516]
Event: 26304.332 Thread 0x000001a967397bf0 Exception <a 'sun/nio/fs/WindowsException'{0x00000000fb77a040}> (0x00000000fb77a040) 
thrown [s\src\hotspot\share\prims\jni.cpp, line 516]
Event: 26304.332 Thread 0x000001a967397bf0 Exception <a 'sun/nio/fs/WindowsException'{0x00000000fb77a3d0}> (0x00000000fb77a3d0) 
thrown [s\src\hotspot\share\prims\jni.cpp, line 516]
Event: 26304.332 Thread 0x000001a967397bf0 Exception <a 'sun/nio/fs/WindowsException'{0x00000000fb784020}> (0x00000000fb784020) 
thrown [s\src\hotspot\share\prims\jni.cpp, line 516]
Event: 26304.332 Thread 0x000001a967397bf0 Exception <a 'sun/nio/fs/WindowsException'{0x00000000fb7843e0}> (0x00000000fb7843e0) 
thrown [s\src\hotspot\share\prims\jni.cpp, line 516]
Event: 26304.332 Thread 0x000001a967397bf0 Exception <a 'sun/nio/fs/WindowsException'{0x00000000fb7858e8}> (0x00000000fb7858e8) 
thrown [s\src\hotspot\share\prims\jni.cpp, line 516]
Event: 26304.333 Thread 0x000001a967397bf0 Exception <a 'sun/nio/fs/WindowsException'{0x00000000fb785cd0}> (0x00000000fb785cd0) 
thrown [s\src\hotspot\share\prims\jni.cpp, line 516]
Event: 26304.340 Thread 0x000001a967397bf0 Exception <a 'sun/nio/fs/WindowsException'{0x00000000fb7e24d8}> (0x00000000fb7e24d8) 
thrown [s\src\hotspot\share\prims\jni.cpp, line 516]
Event: 26304.340 Thread 0x000001a967397bf0 Exception <a 'sun/nio/fs/WindowsException'{0x00000000fb7e2838}> (0x00000000fb7e2838) 
thrown [s\src\hotspot\share\prims\jni.cpp, line 516]
Event: 26304.340 Thread 0x000001a967397bf0 Exception <a 'sun/nio/fs/WindowsException'{0x00000000fb7e3ce0}> (0x00000000fb7e3ce0) 
thrown [s\src\hotspot\share\prims\jni.cpp, line 516]
Event: 26304.340 Thread 0x000001a967397bf0 Exception <a 'sun/nio/fs/WindowsException'{0x00000000fb7e4060}> (0x00000000fb7e4060) 
thrown [s\src\hotspot\share\prims\jni.cpp, line 516]
Event: 26304.343 Thread 0x000001a967397bf0 Exception <a 'sun/nio/fs/WindowsException'{0x00000000fb614010}> (0x00000000fb614010) 
thrown [s\src\hotspot\share\prims\jni.cpp, line 516]
Event: 26304.343 Thread 0x000001a967397bf0 Exception <a 'sun/nio/fs/WindowsException'{0x00000000fb6143b0}> (0x00000000fb6143b0) 
thrown [s\src\hotspot\share\prims\jni.cpp, line 516]
Event: 26304.343 Thread 0x000001a967397bf0 Exception <a 'sun/nio/fs/WindowsException'{0x00000000fb615888}> (0x00000000fb615888) 
thrown [s\src\hotspot\share\prims\jni.cpp, line 516]
Event: 26304.344 Thread 0x000001a967397bf0 Exception <a 'sun/nio/fs/WindowsException'{0x00000000fb615c48}> (0x00000000fb615c48) 
thrown [s\src\hotspot\share\prims\jni.cpp, line 516]
Event: 26304.346 Thread 0x000001a967397bf0 Exception <a 'sun/nio/fs/WindowsException'{0x00000000fb645168}> (0x00000000fb645168) 
thrown [s\src\hotspot\share\prims\jni.cpp, line 516]
Event: 26304.346 Thread 0x000001a967397bf0 Exception <a 'sun/nio/fs/WindowsException'{0x00000000fb6454a8}> (0x00000000fb6454a8) 
thrown [s\src\hotspot\share\prims\jni.cpp, line 516]
Event: 26304.346 Thread 0x000001a967397bf0 Exception <a 'sun/nio/fs/WindowsException'{0x00000000fb646920}> (0x00000000fb646920) 
thrown [s\src\hotspot\share\prims\jni.cpp, line 516]
Event: 26304.346 Thread 0x000001a967397bf0 Exception <a 'sun/nio/fs/WindowsException'{0x00000000fb646c80}> (0x00000000fb646c80) 
thrown [s\src\hotspot\share\prims\jni.cpp, line 516]

VM Operations (20 events):
Event: 26668.284 Executing VM operation: G1CollectFull done
Event: 26678.559 Executing VM operation: G1CollectFull
Event: 26678.636 Executing VM operation: G1CollectFull done
Event: 26689.177 Executing VM operation: G1CollectFull
Event: 26689.281 Executing VM operation: G1CollectFull done
Event: 26699.516 Executing VM operation: G1CollectFull
Event: 26699.586 Executing VM operation: G1CollectFull done
Event: 26709.825 Executing VM operation: G1CollectFull
Event: 26709.894 Executing VM operation: G1CollectFull done
Event: 26720.186 Executing VM operation: G1CollectFull
Event: 26720.279 Executing VM operation: G1CollectFull done
Event: 26730.724 Executing VM operation: G1CollectFull
Event: 26730.843 Executing VM operation: G1CollectFull done
Event: 26741.197 Executing VM operation: G1CollectFull
Event: 26741.319 Executing VM operation: G1CollectFull done
Event: 26751.715 Executing VM operation: G1CollectFull
Event: 26751.806 Executing VM operation: G1CollectFull done
Event: 26762.916 Executing VM operation: G1CollectFull
Event: 26763.041 Executing VM operation: G1CollectFull done
Event: 26773.140 Executing VM operation: G1CollectFull

Events (20 events):
Event: 26297.534 Thread 0x000001a96888ff80 Thread exited: 0x000001a96888ff80
Event: 26299.337 Thread 0x000001a9675b9830 Thread exited: 0x000001a9675b9830
Event: 26299.337 Thread 0x000001a9675b5e70 Thread exited: 0x000001a9675b5e70
Event: 26299.337 Thread 0x000001a9675b6810 Thread exited: 0x000001a9675b6810
Event: 26299.337 Thread 0x000001a9675b4190 Thread exited: 0x000001a9675b4190
Event: 26299.337 Thread 0x000001a9675b7b50 Thread exited: 0x000001a9675b7b50
Event: 26299.337 Thread 0x000001a9675b8020 Thread exited: 0x000001a9675b8020
Event: 26299.337 Thread 0x000001a9675b89c0 Thread exited: 0x000001a9675b89c0
Event: 26299.337 Thread 0x000001a9675b4660 Thread exited: 0x000001a9675b4660
Event: 26299.338 Thread 0x000001a9675b3320 Thread exited: 0x000001a9675b3320
Event: 26299.338 Thread 0x000001a9675b24b0 Thread exited: 0x000001a9675b24b0
Event: 26299.338 Thread 0x000001a9675b54d0 Thread exited: 0x000001a9675b54d0
Event: 26299.338 Thread 0x000001a9675b8e90 Thread exited: 0x000001a9675b8e90
Event: 26299.338 Thread 0x000001a9675b71b0 Thread exited: 0x000001a9675b71b0
Event: 26299.338 Thread 0x000001a9675b3cc0 Thread exited: 0x000001a9675b3cc0
Event: 26304.358 Thread 0x000001a966e6cec0 Thread added: 0x000001a966e6cec0
Event: 26309.378 Thread 0x000001a966e6cec0 Thread exited: 0x000001a966e6cec0
Event: 26320.463 Thread 0x000001a967397bf0 Thread exited: 0x000001a967397bf0
Event: 26354.391 Thread 0x000001a967394bd0 Thread exited: 0x000001a967394bd0
Event: 26414.499 Thread 0x000001a9673968b0 Thread exited: 0x000001a9673968b0


Dynamic libraries:
0x00007ff795460000 - 0x00007ff79546e000 	c:\Users\SHRIRANG\.vscode\extensions\redhat.java-1.21.0-win32-x64\jre\17.0.7-win32-x86_64\bin\java.exe
0x00007ffa7abf0000 - 0x00007ffa7ae04000 	C:\WINDOWS\SYSTEM32\ntdll.dll
0x00007ffa78e80000 - 0x00007ffa78f44000 	C:\WINDOWS\System32\KERNEL32.DLL
0x00007ffa78490000 - 0x00007ffa78834000 	C:\WINDOWS\System32\KERNELBASE.dll
0x00007ffa78250000 - 0x00007ffa78361000 	C:\WINDOWS\System32\ucrtbase.dll
0x00007ffa644f0000 - 0x00007ffa64507000 	c:\Users\SHRIRANG\.vscode\extensions\redhat.java-1.21.0-win32-x64\jre\17.0.7-win32-x86_64\bin\jli.dll
0x00007ffa79170000 - 0x00007ffa7931a000 	C:\WINDOWS\System32\USER32.dll
0x00007ffa77fd0000 - 0x00007ffa77ff6000 	C:\WINDOWS\System32\win32u.dll
0x00007ffa7aac0000 - 0x00007ffa7aae9000 	C:\WINDOWS\System32\GDI32.dll
0x00007ffa78070000 - 0x00007ffa78189000 	C:\WINDOWS\System32\gdi32full.dll
0x00007ffa783f0000 - 0x00007ffa7848a000 	C:\WINDOWS\System32\msvcp_win.dll
0x00007ffa66d20000 - 0x00007ffa66d39000 	c:\Users\SHRIRANG\.vscode\extensions\redhat.java-1.21.0-win32-x64\jre\17.0.7-win32-x86_64\bin\VCRUNTIME140.dll
0x00007ffa5b1d0000 - 0x00007ffa5b45f000 	C:\WINDOWS\WinSxS\amd64_microsoft.windows.common-controls_6595b64144ccf1df_6.0.22621.2070_none_2713e6537381f706\COMCTL32.dll
0x00007ffa79b40000 - 0x00007ffa79be7000 	C:\WINDOWS\System32\msvcrt.dll
0x00007ffa790c0000 - 0x00007ffa790f1000 	C:\WINDOWS\System32\IMM32.DLL
0x00007ffa644e0000 - 0x00007ffa644ec000 	c:\Users\SHRIRANG\.vscode\extensions\redhat.java-1.21.0-win32-x64\jre\17.0.7-win32-x86_64\bin\vcruntime140_1.dll
0x00007ffa49660000 - 0x00007ffa496f1000 	c:\Users\SHRIRANG\.vscode\extensions\redhat.java-1.21.0-win32-x64\jre\17.0.7-win32-x86_64\bin\msvcp140.dll
0x00007ffa36cc0000 - 0x00007ffa37908000 	c:\Users\SHRIRANG\.vscode\extensions\redhat.java-1.21.0-win32-x64\jre\17.0.7-win32-x86_64\bin\server\jvm.dll
0x00007ffa795e0000 - 0x00007ffa79690000 	C:\WINDOWS\System32\ADVAPI32.dll
0x00007ffa79530000 - 0x00007ffa795d6000 	C:\WINDOWS\System32\sechost.dll
0x00007ffa79320000 - 0x00007ffa79437000 	C:\WINDOWS\System32\RPCRT4.dll
0x00007ffa5fef0000 - 0x00007ffa5fef9000 	C:\WINDOWS\SYSTEM32\WSOCK32.dll
0x00007ffa79460000 - 0x00007ffa794d1000 	C:\WINDOWS\System32\WS2_32.dll
0x00007ffa71140000 - 0x00007ffa71174000 	C:\WINDOWS\SYSTEM32\WINMM.dll
0x00007ffa6f950000 - 0x00007ffa6f95a000 	C:\WINDOWS\SYSTEM32\VERSION.dll
0x00007ffa76f80000 - 0x00007ffa76f98000 	C:\WINDOWS\SYSTEM32\kernel.appcore.dll
0x00007ffa644d0000 - 0x00007ffa644da000 	c:\Users\SHRIRANG\.vscode\extensions\redhat.java-1.21.0-win32-x64\jre\17.0.7-win32-x86_64\bin\jimage.dll
0x00007ffa75aa0000 - 0x00007ffa75cce000 	C:\WINDOWS\SYSTEM32\DBGHELP.DLL
0x00007ffa797a0000 - 0x00007ffa79b2a000 	C:\WINDOWS\System32\combase.dll
0x00007ffa78fe0000 - 0x00007ffa790b7000 	C:\WINDOWS\System32\OLEAUT32.dll
0x00007ffa5ef80000 - 0x00007ffa5efb2000 	C:\WINDOWS\SYSTEM32\dbgcore.DLL
0x00007ffa78370000 - 0x00007ffa783ea000 	C:\WINDOWS\System32\bcryptPrimitives.dll
0x00007ffa4e330000 - 0x00007ffa4e355000 	c:\Users\SHRIRANG\.vscode\extensions\redhat.java-1.21.0-win32-x64\jre\17.0.7-win32-x86_64\bin\java.dll
0x00007ffa60830000 - 0x00007ffa60848000 	c:\Users\SHRIRANG\.vscode\extensions\redhat.java-1.21.0-win32-x64\jre\17.0.7-win32-x86_64\bin\zip.dll
0x00007ffa79bf0000 - 0x00007ffa7a406000 	C:\WINDOWS\System32\SHELL32.dll
0x00007ffa75dc0000 - 0x00007ffa766aa000 	C:\WINDOWS\SYSTEM32\windows.storage.dll
0x00007ffa76710000 - 0x00007ffa7684e000 	C:\WINDOWS\SYSTEM32\wintypes.dll
0x00007ffa78d80000 - 0x00007ffa78e73000 	C:\WINDOWS\System32\SHCORE.dll
0x00007ffa7a5e0000 - 0x00007ffa7a63e000 	C:\WINDOWS\System32\shlwapi.dll
0x00007ffa77f00000 - 0x00007ffa77f26000 	C:\WINDOWS\SYSTEM32\profapi.dll
0x00007ffa5d4e0000 - 0x00007ffa5d4f9000 	C:\Users\SHRIRANG\.vscode\extensions\redhat.java-1.21.0-win32-x64\jre\17.0.7-win32-x86_64\bin\net.dll
0x00007ffa71000000 - 0x00007ffa71137000 	C:\WINDOWS\SYSTEM32\WINHTTP.dll
0x00007ffa77440000 - 0x00007ffa774a9000 	C:\WINDOWS\system32\mswsock.dll
0x00007ffa56980000 - 0x00007ffa56995000 	C:\Users\SHRIRANG\.vscode\extensions\redhat.java-1.21.0-win32-x64\jre\17.0.7-win32-x86_64\bin\nio.dll
0x00007ffa776e0000 - 0x00007ffa776fb000 	C:\WINDOWS\SYSTEM32\CRYPTSP.dll
0x00007ffa76f40000 - 0x00007ffa76f75000 	C:\WINDOWS\system32\rsaenh.dll
0x00007ffa774e0000 - 0x00007ffa7750c000 	C:\WINDOWS\SYSTEM32\USERENV.dll
0x00007ffa77920000 - 0x00007ffa77948000 	C:\WINDOWS\SYSTEM32\bcrypt.dll
0x00007ffa77640000 - 0x00007ffa7764c000 	C:\WINDOWS\SYSTEM32\CRYPTBASE.dll
0x00007ffa76a20000 - 0x00007ffa76a4d000 	C:\WINDOWS\SYSTEM32\IPHLPAPI.DLL
0x00007ffa79790000 - 0x00007ffa79799000 	C:\WINDOWS\System32\NSI.dll
0x00007ffa70fe0000 - 0x00007ffa70ff9000 	C:\WINDOWS\SYSTEM32\dhcpcsvc6.DLL
0x00007ffa70d60000 - 0x00007ffa70d7f000 	C:\WINDOWS\SYSTEM32\dhcpcsvc.DLL
0x00007ffa76a80000 - 0x00007ffa76b73000 	C:\WINDOWS\SYSTEM32\DNSAPI.dll
0x00007ffa71d30000 - 0x00007ffa71d39000 	C:\Users\SHRIRANG\.vscode\extensions\redhat.java-1.21.0-win32-x64\jre\17.0.7-win32-x86_64\bin\management.dll
0x00007ffa71d20000 - 0x00007ffa71d2b000 	C:\Users\SHRIRANG\.vscode\extensions\redhat.java-1.21.0-win32-x64\jre\17.0.7-win32-x86_64\bin\management_ext.dll
0x00007ffa7a410000 - 0x00007ffa7a418000 	C:\WINDOWS\System32\PSAPI.DLL
0x00007ffa71d10000 - 0x00007ffa71d1e000 	C:\Users\SHRIRANG\.vscode\extensions\redhat.java-1.21.0-win32-x64\jre\17.0.7-win32-x86_64\bin\sunmscapi.dll
0x00007ffa78840000 - 0x00007ffa789a7000 	C:\WINDOWS\System32\CRYPT32.dll
0x00007ffa778b0000 - 0x00007ffa778de000 	C:\WINDOWS\SYSTEM32\ncrypt.dll
0x00007ffa77860000 - 0x00007ffa77897000 	C:\WINDOWS\SYSTEM32\NTASN1.dll
0x00007ffa66210000 - 0x00007ffa6621a000 	C:\Windows\System32\rasadhlp.dll
0x00007ffa70930000 - 0x00007ffa709b4000 	C:\WINDOWS\System32\fwpuclnt.dll
0x00007ffa64720000 - 0x00007ffa64730000 	c:\Users\SHRIRANG\.vscode\extensions\redhat.java-1.21.0-win32-x64\jre\17.0.7-win32-x86_64\bin\verify.dll
0x0000000070fc0000 - 0x000000007108d000 	C:\Users\SHRIRANG\AppData\Local\Temp\snappy-1.1.10-8d6e2d6f-cc41-4b68-8dd4-d0691c9610fa-snappyjava.dll

dbghelp: loaded successfully - version: 4.0.5 - missing functions: none
symbol engine: initialized successfully - sym options: 0x614 - pdb path: .;c:\Users\SHRIRANG\.vscode\extensions\redhat.java-1.21.0-win32-x64\jre\17.0.7-win32-x86_64\bin;C:\WINDOWS\SYSTEM32;C:\WINDOWS\WinSxS\amd64_microsoft.windows.common-controls_6595b64144ccf1df_6.0.22621.2070_none_2713e6537381f706;c:\Users\SHRIRANG\.vscode\extensions\redhat.java-1.21.0-win32-x64\jre\17.0.7-win32-x86_64\bin\server;C:\Users\SHRIRANG\AppData\Local\Temp

VM Arguments:
jvm_args: -XX:+HeapDumpOnOutOfMemoryError -Xmx1024m -Dsts.lsp.client=vscode -Dsts.log.file=/dev/null -XX:TieredStopAtLevel=1 -Xlog:jni+resolve=off -Dspring.config.location=file:c:\Users\SHRIRANG\.vscode\extensions\vmware.vscode-spring-boot-1.48.0\language-server\BOOT-INF\classes\application.properties 
java_command: org.springframework.ide.vscode.boot.app.BootLanguageServerBootApp
java_class_path (initial): c:\Users\SHRIRANG\.vscode\extensions\vmware.vscode-spring-boot-1.48.0\language-server\BOOT-INF\classes;c:\Users\SHRIRANG\.vscode\extensions\vmware.vscode-spring-boot-1.48.0\language-server\BOOT-INF\lib\annotations-24.0.1.jar;c:\Users\SHRIRANG\.vscode\extensions\vmware.vscode-spring-boot-1.48.0\language-server\BOOT-INF\lib\antlr-runtime-3.5.3.jar;c:\Users\SHRIRANG\.vscode\extensions\vmware.vscode-spring-boot-1.48.0\language-server\BOOT-INF\lib\antlr4-4.11.1.jar;c:\Users\SHRIRANG\.vscode\extensions\vmware.vscode-spring-boot-1.48.0\language-server\BOOT-INF\lib\antlr4-runtime-4.11.1.jar;c:\Users\SHRIRANG\.vscode\extensions\vmware.vscode-spring-boot-1.48.0\language-server\BOOT-INF\lib\archunit-1.0.1.jar;c:\Users\SHRIRANG\.vscode\extensions\vmware.vscode-spring-boot-1.48.0\language-server\BOOT-INF\lib\asm-9.5.jar;c:\Users\SHRIRANG\.vscode\extensions\vmware.vscode-spring-boot-1.48.0\language-server\BOOT-INF\lib\asm-analysis-9.5.jar;c:\Users\SHRIRANG\.vscode\extensions\vmware.vscode-spring-boot-1.48.0\language-server\BOOT-INF\lib\asm-tree-9.5.jar;c:\Users\SHRIRANG\.vscode\extensions\vmware.vscode-spring-boot-1.48.0\language-server\BOOT-INF\lib\asm-util-9.5.jar;c:\Users\SHRIRANG\.vscode\extensions\vmware.vscode-spring-boot-1.48.0\language-server\BOOT-INF\lib\bosh-language-server-1.48.0-SNAPSHOT.jar;c:\Users\SHRIRANG\.vscode\extensions\vmware.vscode-spring-boot-1.48.0\language-server\BOOT-INF\lib\caffeine-3.1.6.jar;c:\Users\SHRIRANG\.vscode\extensions\vmware.vscode-spring-boot-1.48.0\language-server\BOOT-INF\lib\checker-qual-3.12.0.jar;c:\Users\SHRIRANG\.vscode\extensions\vmware.vscode-spring-boot-1.48.0\language-server\BOOT-INF\lib\classgraph-4.8.149.jar;c:\Users\SHRIRANG\.vscode\extensions\vmware.vscode-spring-boot-1.48.0\language-server\BOOT-INF\lib\commons-codec-1.15.jar;c:\Users\SHRIRANG\.vscode\extensions\vmware.vscode-spring-boot-1.48.0\language-server\BOOT-INF\lib\commons-compress-1.23.0.jar;c:\Users\SHRIRANG\.vscode\extensions\vmware.vsco
Launcher Type: SUN_STANDARD

[Global flags]
     intx CICompilerCount                          = 4                                         {product} {ergonomic}
     uint ConcGCThreads                            = 2                                         {product} {ergonomic}
     uint G1ConcRefinementThreads                  = 8                                         {product} {ergonomic}
   size_t G1HeapRegionSize                         = 1048576                                   {product} {ergonomic}
    uintx GCDrainStackTargetSize                   = 64                                        {product} {ergonomic}
     bool HeapDumpOnOutOfMemoryError               = true                                   {manageable} {command line}
   size_t InitialHeapSize                          = 132120576                                 {product} {ergonomic}
   size_t MarkStackSize                            = 4194304                                   {product} {ergonomic}
   size_t MaxHeapSize                              = 1073741824                                {product} {command line}
   size_t MaxNewSize                               = 643825664                                 {product} {ergonomic}
   size_t MinHeapDeltaBytes                        = 1048576                                   {product} {ergonomic}
   size_t MinHeapSize                              = 8388608                                   {product} {ergonomic}
    uintx NonProfiledCodeHeapSize                  = 0                                      {pd product} {ergonomic}
     bool ProfileInterpreter                       = false                                  {pd product} {command line}
    uintx ProfiledCodeHeapSize                     = 0                                      {pd product} {ergonomic}
   size_t SoftMaxHeapSize                          = 1073741824                             {manageable} {ergonomic}
     intx TieredStopAtLevel                        = 1                                         {product} {command line}
     bool UseCompressedClassPointers               = true                           {product lp64_product} {ergonomic}
     bool UseCompressedOops                        = true                           {product lp64_product} {ergonomic}
     bool UseG1GC                                  = true                                      {product} {ergonomic}
     bool UseLargePagesIndividualAllocation        = false                                  {pd product} {ergonomic}

Logging:
Log output configuration:
 #0: stdout all=warning,jni+resolve=off uptime,level,tags
 #1: stderr all=off uptime,level,tags

Environment Variables:
PATH=C:\Program Files (x86)\Common Files\Oracle\Java\javapath;C:\Program Files\Eclipse Adoptium\jdk-11.0.14.101-hotspot\bin;C:\Python310\Scripts\;C:\Python310\;C:\Python39\Scripts\;C:\Python39\;C:\Program Files (x86)\Intel\Intel(R) Management Engine Components\iCLS\;C:\Program Files\Intel\Intel(R) Management Engine Components\iCLS\;C:\windows\system32;C:\windows;C:\windows\System32\Wbem;C:\windows\System32\WindowsPowerShell\v1.0\;C:\windows\System32\OpenSSH\;C:\Program Files (x86)\Intel\Intel(R) Management Engine Components\DAL;C:\Program Files\Intel\Intel(R) Management Engine Components\DAL;C:\Program Files (x86)\Intel\Intel(R) Management Engine Components\IPT;C:\Program Files\Intel\Intel(R) Management Engine Components\IPT;C:\Program Files (x86)\NVIDIA Corporation\PhysX\Common;C:\WINDOWS\system32;C:\WINDOWS;C:\WINDOWS\System32\Wbem;C:\WINDOWS\System32\WindowsPowerShell\v1.0\;C:\WINDOWS\System32\OpenSSH\;C:\ProgramData\chocolatey\bin;C:\Program Files\Git\cmd;C:\Program Files\MongoDB\Server\5.0\bin;C:\Program Files\Java\jdk-11\bin;C:\Program Files\apache-maven-3.8.4\bin;C:\Program Files\nodejs\;C:\Program Files\Docker\Docker\resources\bin;C:\Users\SHRIRANG\AppData\Local\Programs\Python\Python311\Scripts\;C:\Users\SHRIRANG\AppData\Local\Programs\Python\Python311\;C:\Program Files\MySQL\MySQL Shell 8.0\bin\;C:\Users\SHRIRANG\AppData\Local\Microsoft\WindowsApps;C:\Program Files\JetBrains\IntelliJ IDEA Community Edition 2019.2.2\bin;C:\Users\SHRIRANG\AppData\Local\atom\bin;C:\Users\SHRIRANG\AppData\Local\Microsoft\WindowsApps;C:\Users\SHRIRANG\AppData\Local\Programs\Microsoft VS Code\bin;C:\Program Files\JetBrains\PyCharm 2021.1.2\bin;;C:\MinGW\bin;C:\Users\SHRIRANG\AppData\Roaming\npm;C:\Program Files\JetBrains\IntelliJ IDEA Community Edition 2023.2.1\bin;
USERNAME=SHRIRANG
OS=Windows_NT
PROCESSOR_IDENTIFIER=Intel64 Family 6 Model 158 Stepping 10, GenuineIntel
TMP=C:\Users\SHRIRANG\AppData\Local\Temp
TEMP=C:\Users\SHRIRANG\AppData\Local\Temp



---------------  S Y S T E M  ---------------

OS:
 Windows 11 , 64 bit Build 22621 (10.0.22621.2070)
OS uptime: 1 days 6:45 hours
Hyper-V role detected

CPU: total 8 (initial active 8) (4 cores per cpu, 2 threads per core) family 6 model 158 stepping 10 microcode 0xf0, cx8, cmov, fxsr, ht, mmx, 3dnowpref, sse, sse2, sse3, ssse3, sse4.1, sse4.2, popcnt, lzcnt, tsc, tscinvbit, avx, avx2, aes, erms, clmul, bmi1, bmi2, adx, fma, vzeroupper, clflush, clflushopt, hv

Memory: 4k page, system-wide physical 8000M (484M free)
TotalPageFile size 32576M (AvailPageFile size 362M)
current process WorkingSet (physical memory assigned to process): 174M, peak: 1144M
current process commit charge ("private bytes"): 420M, peak: 1269M

vm_info: OpenJDK 64-Bit Server VM (17.0.7+7) for windows-amd64 JRE (17.0.7+7), built on Apr 18 2023 22:10:42 by "temurin" with MS VC++ 16.7 (VS2019)

END.
